Published: {"bn": "greenhouse_0/sensors/Ph/Ph", "n": "Ph", "v": 7.490493768009764, "t": 0}
Published: {"bn": "greenhouse_0/sensors/DTH22/Temperature", "n": "Temperature", "v": 31.3875409441626, "t": 0}
Published: {"bn": "greenhouse_0/sensors/DTH22/Humidity", "n": "Humidity", "v": 79.9616980340047, "t": 0}
Published: {"bn": "greenhouse_0/sensors/NPK/NPK", "n": "NPK", "v": 145.6325330295003, "t": 0}
Published: {"bn": "greenhouse_0/sensors/SoilMoisture/SoilMoisture", "n": "SoilMoisture", "v": 16.274710007717154, "t": 0}
Published: {"bn": "greenhouse_0/sensors/LightIntensity/LightIntensity", "n": "LightIntensity", "v": 19.056540483749384, "t": 0}
Published: {"bn": "greenhouse_0/sensors/Ph/Ph", "n": "Ph", "v": 7.736867108510924, "t": 10}
Published: {"bn": "greenhouse_0/sensors/DTH22/Temperature", "n": "Temperature", "v": 31.295033304252343, "t": 10}
Published: {"bn": "greenhouse_0/sensors/DTH22/Humidity", "n": "Humidity", "v": 7.429082704613011, "t": 10}
Published: {"bn": "greenhouse_0/sensors/NPK/NPK", "n": "NPK", "v": 480.61384703284335, "t": 10}
Published: {"bn": "greenhouse_0/sensors/SoilMoisture/SoilMoisture", "n": "SoilMoisture", "v": 69.17112035068534, "t": 10}
Published: {"bn": "greenhouse_0/sensors/LightIntensity/LightIntensity", "n": "LightIntensity", "v": 540.2002182608724, "t": 10}
Published: {"bn": "greenhouse_0/sensors/Ph/Ph", "n": "Ph", "v": 7.811101118613453, "t": 20}
Published: {"bn": "greenhouse_0/sensors/DTH22/Temperature", "n": "Temperature", "v": 15.292472595327228, "t": 20}
Published: {"bn": "greenhouse_0/sensors/DTH22/Humidity", "n": "Humidity", "v": 13.313129486971054, "t": 20}
Published: {"bn": "greenhouse_0/sensors/NPK/NPK", "n": "NPK", "v": 19.181362509154255, "t": 20}
Published: {"bn": "greenhouse_0/sensors/SoilMoisture/SoilMoisture", "n": "SoilMoisture", "v": 22.98438087783087, "t": 20}
Published: {"bn": "greenhouse_0/sensors/LightIntensity/LightIntensity", "n": "LightIntensity", "v": 116.41529936842265, "t": 20}
Published: {"bn": "greenhouse_0/sensors/Ph/Ph", "n": "Ph", "v": 4.218310798123461, "t": 30}
Published: {"bn": "greenhouse_0/sensors/DTH22/Temperature", "n": "Temperature", "v": 20.25757850114951, "t": 30}
Published: {"bn": "greenhouse_0/sensors/DTH22/Humidity", "n": "Humidity", "v": 51.564869195940524, "t": 30}
Published: {"bn": "greenhouse_0/sensors/NPK/NPK", "n": "NPK", "v": 59.05586714970712, "t": 30}
Published: {"bn": "greenhouse_0/sensors/SoilMoisture/SoilMoisture", "n": "SoilMoisture", "v": 4.892549018135329, "t": 30}
Published: {"bn": "greenhouse_0/sensors/LightIntensity/LightIntensity", "n": "LightIntensity", "v": 829.307475818837, "t": 30}
Published: {"bn": "greenhouse_0/sensors/Ph/Ph", "n": "Ph", "v": 8.04276679107566, "t": 40}
Published: {"bn": "greenhouse_0/sensors/DTH22/Temperature", "n": "Temperature", "v": 28.95052201988319, "t": 40}
Published: {"bn": "greenhouse_0/sensors/DTH22/Humidity", "n": "Humidity", "v": 48.54790599803792, "t": 40}
Published: {"bn": "greenhouse_0/sensors/NPK/NPK", "n": "NPK", "v": 303.93750386189055, "t": 40}
Published: {"bn": "greenhouse_0/sensors/SoilMoisture/SoilMoisture", "n": "SoilMoisture", "v": 21.52149106879657, "t": 40}
Published: {"bn": "greenhouse_0/sensors/LightIntensity/LightIntensity", "n": "LightIntensity", "v": 790.5823771678631, "t": 40}
Published: {"bn": "greenhouse_0/sensors/Ph/Ph", "n": "Ph", "v": 7.844335078661425, "t": 50}
Published: {"bn": "greenhouse_0/sensors/DTH22/Temperature", "n": "Temperature", "v": 26.99828524586339, "t": 50}
Published: {"bn": "greenhouse_0/sensors/DTH22/Humidity", "n": "Humidity", "v": 11.442005778721976, "t": 50}
Published: {"bn": "greenhouse_0/sensors/NPK/NPK", "n": "NPK", "v": 370.7720576805316, "t": 50}
Published: {"bn": "greenhouse_0/sensors/SoilMoisture/SoilMoisture", "n": "SoilMoisture", "v": 13.64913108757727, "t": 50}
Published: {"bn": "greenhouse_0/sensors/LightIntensity/LightIntensity", "n": "LightIntensity", "v": 610.3186864917388, "t": 50}
Published: {"bn": "greenhouse_0/sensors/Ph/Ph", "n": "Ph", "v": 7.202264728130423, "t": 60}
Published: {"bn": "greenhouse_0/sensors/DTH22/Temperature", "n": "Temperature", "v": 18.734446663879563, "t": 60}
Published: {"bn": "greenhouse_0/sensors/DTH22/Humidity", "n": "Humidity", "v": 6.774020531790869, "t": 60}
Published: {"bn": "greenhouse_0/sensors/NPK/NPK", "n": "NPK", "v": 856.2905276782278, "t": 60}
Published: {"bn": "greenhouse_0/sensors/SoilMoisture/SoilMoisture", "n": "SoilMoisture", "v": 9.676209251723433, "t": 60}
Published: {"bn": "greenhouse_0/sensors/LightIntensity/LightIntensity", "n": "LightIntensity", "v": 732.6756470877294, "t": 60}
Published: {"bn": "greenhouse_0/sensors/Ph/Ph", "n": "Ph", "v": 5.089800658311196, "t": 70}
Published: {"bn": "greenhouse_0/sensors/DTH22/Temperature", "n": "Temperature", "v": 18.42034008696781, "t": 70}
Published: {"bn": "greenhouse_0/sensors/DTH22/Humidity", "n": "Humidity", "v": 76.84323141445691, "t": 70}
Published: {"bn": "greenhouse_0/sensors/NPK/NPK", "n": "NPK", "v": 268.5152495229157, "t": 70}
Published: {"bn": "greenhouse_0/sensors/SoilMoisture/SoilMoisture", "n": "SoilMoisture", "v": 73.3493180597794, "t": 70}
Published: {"bn": "greenhouse_0/sensors/LightIntensity/LightIntensity", "n": "LightIntensity", "v": 103.35877246224767, "t": 70}
Published: {"bn": "greenhouse_0/sensors/Ph/Ph", "n": "Ph", "v": 5.973520430639495, "t": 80}
Published: {"bn": "greenhouse_0/sensors/DTH22/Temperature", "n": "Temperature", "v": 28.729292503311957, "t": 80}
Published: {"bn": "greenhouse_0/sensors/DTH22/Humidity", "n": "Humidity", "v": 90.95080451592489, "t": 80}
Published: {"bn": "greenhouse_0/sensors/NPK/NPK", "n": "NPK", "v": 626.8372912788168, "t": 80}
Published: {"bn": "greenhouse_0/sensors/SoilMoisture/SoilMoisture", "n": "SoilMoisture", "v": 32.06781814302092, "t": 80}
Published: {"bn": "greenhouse_0/sensors/LightIntensity/LightIntensity", "n": "LightIntensity", "v": 904.0156648289666, "t": 80}
Published: {"bn": "greenhouse_0/sensors/Ph/Ph", "n": "Ph", "v": 4.606284536387262, "t": 90}
Published: {"bn": "greenhouse_0/sensors/DTH22/Temperature", "n": "Temperature", "v": 33.762670452246795, "t": 90}
Published: {"bn": "greenhouse_0/sensors/DTH22/Humidity", "n": "Humidity", "v": 92.20261754955945, "t": 90}
Published: {"bn": "greenhouse_0/sensors/NPK/NPK", "n": "NPK", "v": 600.2056209001299, "t": 90}
Published: {"bn": "greenhouse_0/sensors/SoilMoisture/SoilMoisture", "n": "SoilMoisture", "v": 21.361782521857307, "t": 90}
Published: {"bn": "greenhouse_0/sensors/LightIntensity/LightIntensity", "n": "LightIntensity", "v": 186.98893379602154, "t": 90}
Published: {"bn": "greenhouse_0/sensors/Ph/Ph", "n": "Ph", "v": 3.085563622909765, "t": 100}
Published: {"bn": "greenhouse_0/sensors/DTH22/Temperature", "n": "Temperature", "v": 29.597915838068204, "t": 100}
Published: {"bn": "greenhouse_0/sensors/DTH22/Humidity", "n": "Humidity", "v": 16.12250604955626, "t": 100}
Published: {"bn": "greenhouse_0/sensors/NPK/NPK", "n": "NPK", "v": 325.66872518471826, "t": 100}
Published: {"bn": "greenhouse_0/sensors/SoilMoisture/SoilMoisture", "n": "SoilMoisture", "v": 23.900820366268817, "t": 100}
Published: {"bn": "greenhouse_0/sensors/LightIntensity/LightIntensity", "n": "LightIntensity", "v": 325.07732453491576, "t": 100}
Published: {"bn": "greenhouse_0/sensors/Ph/Ph", "n": "Ph", "v": 7.31182429847793, "t": 110}
Published: {"bn": "greenhouse_0/sensors/DTH22/Temperature", "n": "Temperature", "v": 30.08897101434886, "t": 110}
Published: {"bn": "greenhouse_0/sensors/DTH22/Humidity", "n": "Humidity", "v": 5.749672195449307, "t": 110}
Published: {"bn": "greenhouse_0/sensors/NPK/NPK", "n": "NPK", "v": 456.94654235409405, "t": 110}
Published: {"bn": "greenhouse_0/sensors/SoilMoisture/SoilMoisture", "n": "SoilMoisture", "v": 67.2479729352386, "t": 110}
Published: {"bn": "greenhouse_0/sensors/LightIntensity/LightIntensity", "n": "LightIntensity", "v": 221.73905235647297, "t": 110}
Published: {"bn": "greenhouse_0/sensors/Ph/Ph", "n": "Ph", "v": 7.769787658467876, "t": 120}
Published: {"bn": "greenhouse_0/sensors/DTH22/Temperature", "n": "Temperature", "v": 34.358000273798424, "t": 120}
Published: {"bn": "greenhouse_0/sensors/DTH22/Humidity", "n": "Humidity", "v": 69.49296064815792, "t": 120}
Published: {"bn": "greenhouse_0/sensors/NPK/NPK", "n": "NPK", "v": 699.9325191153831, "t": 120}
Published: {"bn": "greenhouse_0/sensors/SoilMoisture/SoilMoisture", "n": "SoilMoisture", "v": 85.56815792040933, "t": 120}
Published: {"bn": "greenhouse_0/sensors/LightIntensity/LightIntensity", "n": "LightIntensity", "v": 6.535144162336803, "t": 120}
Published: {"bn": "greenhouse_0/sensors/Ph/Ph", "n": "Ph", "v": 7.947015338851174, "t": 130}
Published: {"bn": "greenhouse_0/sensors/DTH22/Temperature", "n": "Temperature", "v": 22.074407029690583, "t": 130}
Published: {"bn": "greenhouse_0/sensors/DTH22/Humidity", "n": "Humidity", "v": 14.845333790430814, "t": 130}
Published: {"bn": "greenhouse_0/sensors/NPK/NPK", "n": "NPK", "v": 646.9446052067676, "t": 130}
Published: {"bn": "greenhouse_0/sensors/SoilMoisture/SoilMoisture", "n": "SoilMoisture", "v": 53.39843672985043, "t": 130}
Published: {"bn": "greenhouse_0/sensors/LightIntensity/LightIntensity", "n": "LightIntensity", "v": 48.374638547809546, "t": 130}
Published: {"bn": "greenhouse_0/sensors/Ph/Ph", "n": "Ph", "v": 3.184137375937172, "t": 140}
Published: {"bn": "greenhouse_0/sensors/DTH22/Temperature", "n": "Temperature", "v": 32.064255912054364, "t": 140}
Published: {"bn": "greenhouse_0/sensors/DTH22/Humidity", "n": "Humidity", "v": 19.787313895586813, "t": 140}
Published: {"bn": "greenhouse_0/sensors/NPK/NPK", "n": "NPK", "v": 541.4431553250099, "t": 140}
Published: {"bn": "greenhouse_0/sensors/SoilMoisture/SoilMoisture", "n": "SoilMoisture", "v": 78.85273976658297, "t": 140}
Published: {"bn": "greenhouse_0/sensors/LightIntensity/LightIntensity", "n": "LightIntensity", "v": 743.7193253551757, "t": 140}
Published: {"bn": "greenhouse_0/sensors/Ph/Ph", "n": "Ph", "v": 5.217754326797432, "t": 150}
Published: {"bn": "greenhouse_0/sensors/DTH22/Temperature", "n": "Temperature", "v": 13.170774266767118, "t": 150}
Published: {"bn": "greenhouse_0/sensors/DTH22/Humidity", "n": "Humidity", "v": 29.079515288420367, "t": 150}
Published: {"bn": "greenhouse_0/sensors/NPK/NPK", "n": "NPK", "v": 446.3447216383092, "t": 150}
Published: {"bn": "greenhouse_0/sensors/SoilMoisture/SoilMoisture", "n": "SoilMoisture", "v": 80.65667544907002, "t": 150}
Published: {"bn": "greenhouse_0/sensors/LightIntensity/LightIntensity", "n": "LightIntensity", "v": 715.536481681211, "t": 150}
Published: {"bn": "greenhouse_0/sensors/Ph/Ph", "n": "Ph", "v": 6.913072183949371, "t": 160}
Published: {"bn": "greenhouse_0/sensors/DTH22/Temperature", "n": "Temperature", "v": 14.219517193482103, "t": 160}
Published: {"bn": "greenhouse_0/sensors/DTH22/Humidity", "n": "Humidity", "v": 37.129039693626694, "t": 160}
Published: {"bn": "greenhouse_0/sensors/NPK/NPK", "n": "NPK", "v": 37.48323581306045, "t": 160}
Published: {"bn": "greenhouse_0/sensors/SoilMoisture/SoilMoisture", "n": "SoilMoisture", "v": 88.1450622380742, "t": 160}
Published: {"bn": "greenhouse_0/sensors/LightIntensity/LightIntensity", "n": "LightIntensity", "v": 908.3517021350124, "t": 160}
Published: {"bn": "greenhouse_0/sensors/Ph/Ph", "n": "Ph", "v": 8.805290095088964, "t": 170}
Published: {"bn": "greenhouse_0/sensors/DTH22/Temperature", "n": "Temperature", "v": 10.050210117747994, "t": 170}
Published: {"bn": "greenhouse_0/sensors/DTH22/Humidity", "n": "Humidity", "v": 9.30383838223834, "t": 170}
Published: {"bn": "greenhouse_0/sensors/NPK/NPK", "n": "NPK", "v": 142.2998350926754, "t": 170}
Published: {"bn": "greenhouse_0/sensors/SoilMoisture/SoilMoisture", "n": "SoilMoisture", "v": 25.4345132892117, "t": 170}
Published: {"bn": "greenhouse_0/sensors/LightIntensity/LightIntensity", "n": "LightIntensity", "v": 832.1238437376651, "t": 170}
Published: {"bn": "greenhouse_0/sensors/Ph/Ph", "n": "Ph", "v": 3.8824644962004973, "t": 180}
Published: {"bn": "greenhouse_0/sensors/DTH22/Temperature", "n": "Temperature", "v": 21.361274064458105, "t": 180}
Published: {"bn": "greenhouse_0/sensors/DTH22/Humidity", "n": "Humidity", "v": 41.01910675800633, "t": 180}
Published: {"bn": "greenhouse_0/sensors/NPK/NPK", "n": "NPK", "v": 758.9245243064223, "t": 180}
Published: {"bn": "greenhouse_0/sensors/SoilMoisture/SoilMoisture", "n": "SoilMoisture", "v": 87.39132008468546, "t": 180}
Published: {"bn": "greenhouse_0/sensors/LightIntensity/LightIntensity", "n": "LightIntensity", "v": 364.3274883150375, "t": 180}
Published: {"bn": "greenhouse_0/sensors/Ph/Ph", "n": "Ph", "v": 5.5918769394074745, "t": 190}
Published: {"bn": "greenhouse_0/sensors/DTH22/Temperature", "n": "Temperature", "v": 26.760458981373088, "t": 190}
Published: {"bn": "greenhouse_0/sensors/DTH22/Humidity", "n": "Humidity", "v": 27.401450551898975, "t": 190}
Published: {"bn": "greenhouse_0/sensors/NPK/NPK", "n": "NPK", "v": 902.3506338148774, "t": 190}
Published: {"bn": "greenhouse_0/sensors/SoilMoisture/SoilMoisture", "n": "SoilMoisture", "v": 9.363879950886666, "t": 190}
Published: {"bn": "greenhouse_0/sensors/LightIntensity/LightIntensity", "n": "LightIntensity", "v": 913.0951620244551, "t": 190}
Published: {"bn": "greenhouse_0/sensors/Ph/Ph", "n": "Ph", "v": 7.873205980052209, "t": 200}
Published: {"bn": "greenhouse_0/sensors/DTH22/Temperature", "n": "Temperature", "v": 32.14486014784693, "t": 200}
Published: {"bn": "greenhouse_0/sensors/DTH22/Humidity", "n": "Humidity", "v": 60.76603040402786, "t": 200}
Published: {"bn": "greenhouse_0/sensors/NPK/NPK", "n": "NPK", "v": 515.1977730346914, "t": 200}
Published: {"bn": "greenhouse_0/sensors/SoilMoisture/SoilMoisture", "n": "SoilMoisture", "v": 82.49221952432376, "t": 200}
Published: {"bn": "greenhouse_0/sensors/LightIntensity/LightIntensity", "n": "LightIntensity", "v": 992.6269981758585, "t": 200}
Published: {"bn": "greenhouse_0/sensors/Ph/Ph", "n": "Ph", "v": 4.40880830966808, "t": 210}
Published: {"bn": "greenhouse_0/sensors/DTH22/Temperature", "n": "Temperature", "v": 22.26983172777039, "t": 210}
Published: {"bn": "greenhouse_0/sensors/DTH22/Humidity", "n": "Humidity", "v": 59.60854540557834, "t": 210}
Published: {"bn": "greenhouse_0/sensors/NPK/NPK", "n": "NPK", "v": 18.81704082091129, "t": 210}
Published: {"bn": "greenhouse_0/sensors/SoilMoisture/SoilMoisture", "n": "SoilMoisture", "v": 71.3451557967685, "t": 210}
Published: {"bn": "greenhouse_0/sensors/LightIntensity/LightIntensity", "n": "LightIntensity", "v": 821.2239416847946, "t": 210}
Published: {"bn": "greenhouse_0/sensors/Ph/Ph", "n": "Ph", "v": 4.412569951836444, "t": 220}
Published: {"bn": "greenhouse_0/sensors/DTH22/Temperature", "n": "Temperature", "v": 32.095886432202974, "t": 220}
Published: {"bn": "greenhouse_0/sensors/DTH22/Humidity", "n": "Humidity", "v": 1.840749400291286, "t": 220}
Published: {"bn": "greenhouse_0/sensors/NPK/NPK", "n": "NPK", "v": 281.0106770812433, "t": 220}
Published: {"bn": "greenhouse_0/sensors/SoilMoisture/SoilMoisture", "n": "SoilMoisture", "v": 25.02638356364869, "t": 220}
Published: {"bn": "greenhouse_0/sensors/LightIntensity/LightIntensity", "n": "LightIntensity", "v": 158.4867050591935, "t": 220}
Published: {"bn": "greenhouse_0/sensors/Ph/Ph", "n": "Ph", "v": 7.877527979926369, "t": 230}
Published: {"bn": "greenhouse_0/sensors/DTH22/Temperature", "n": "Temperature", "v": 17.52236666500818, "t": 230}
Published: {"bn": "greenhouse_0/sensors/DTH22/Humidity", "n": "Humidity", "v": 34.643246985980525, "t": 230}
Published: {"bn": "greenhouse_0/sensors/NPK/NPK", "n": "NPK", "v": 665.0986653349424, "t": 230}
Published: {"bn": "greenhouse_0/sensors/SoilMoisture/SoilMoisture", "n": "SoilMoisture", "v": 46.549769552846165, "t": 230}
Published: {"bn": "greenhouse_0/sensors/LightIntensity/LightIntensity", "n": "LightIntensity", "v": 224.28018980691832, "t": 230}
Published: {"bn": "greenhouse_0/sensors/Ph/Ph", "n": "Ph", "v": 3.8365929014604876, "t": 240}
Published: {"bn": "greenhouse_0/sensors/DTH22/Temperature", "n": "Temperature", "v": 17.72159985765901, "t": 240}
Published: {"bn": "greenhouse_0/sensors/DTH22/Humidity", "n": "Humidity", "v": 36.751214569534355, "t": 240}
Published: {"bn": "greenhouse_0/sensors/NPK/NPK", "n": "NPK", "v": 859.1028505254847, "t": 240}
Published: {"bn": "greenhouse_0/sensors/SoilMoisture/SoilMoisture", "n": "SoilMoisture", "v": 37.85921412532707, "t": 240}
Published: {"bn": "greenhouse_0/sensors/LightIntensity/LightIntensity", "n": "LightIntensity", "v": 478.0896069572671, "t": 240}
Published: {"bn": "greenhouse_0/sensors/Ph/Ph", "n": "Ph", "v": 6.402334211692765, "t": 250}
Published: {"bn": "greenhouse_0/sensors/DTH22/Temperature", "n": "Temperature", "v": 27.940600714786257, "t": 250}
Published: {"bn": "greenhouse_0/sensors/DTH22/Humidity", "n": "Humidity", "v": 66.87008998935426, "t": 250}
Published: {"bn": "greenhouse_0/sensors/NPK/NPK", "n": "NPK", "v": 420.69276721393476, "t": 250}
Published: {"bn": "greenhouse_0/sensors/SoilMoisture/SoilMoisture", "n": "SoilMoisture", "v": 31.338810528949868, "t": 250}
Published: {"bn": "greenhouse_0/sensors/LightIntensity/LightIntensity", "n": "LightIntensity", "v": 849.0203979741244, "t": 250}
Published: {"bn": "greenhouse_0/sensors/Ph/Ph", "n": "Ph", "v": 8.515336740818556, "t": 260}
Published: {"bn": "greenhouse_0/sensors/DTH22/Temperature", "n": "Temperature", "v": 24.239940682858375, "t": 260}
Published: {"bn": "greenhouse_0/sensors/DTH22/Humidity", "n": "Humidity", "v": 87.35814737112723, "t": 260}
Published: {"bn": "greenhouse_0/sensors/NPK/NPK", "n": "NPK", "v": 628.8535908408526, "t": 260}
Published: {"bn": "greenhouse_0/sensors/SoilMoisture/SoilMoisture", "n": "SoilMoisture", "v": 15.209262150477333, "t": 260}
Published: {"bn": "greenhouse_0/sensors/LightIntensity/LightIntensity", "n": "LightIntensity", "v": 525.8135685699319, "t": 260}
Published: {"bn": "greenhouse_0/sensors/Ph/Ph", "n": "Ph", "v": 3.5386569384455417, "t": 270}
Published: {"bn": "greenhouse_0/sensors/DTH22/Temperature", "n": "Temperature", "v": 19.3095731299101, "t": 270}
Published: {"bn": "greenhouse_0/sensors/DTH22/Humidity", "n": "Humidity", "v": 48.46578778628934, "t": 270}
Published: {"bn": "greenhouse_0/sensors/NPK/NPK", "n": "NPK", "v": 585.4905307331175, "t": 270}
Published: {"bn": "greenhouse_0/sensors/SoilMoisture/SoilMoisture", "n": "SoilMoisture", "v": 15.36771045201084, "t": 270}
Published: {"bn": "greenhouse_0/sensors/LightIntensity/LightIntensity", "n": "LightIntensity", "v": 292.3285049472888, "t": 270}
Published: {"bn": "greenhouse_0/sensors/Ph/Ph", "n": "Ph", "v": 3.8886156887187457, "t": 280}
Published: {"bn": "greenhouse_0/sensors/DTH22/Temperature", "n": "Temperature", "v": 21.610176955874376, "t": 280}
Published: {"bn": "greenhouse_0/sensors/DTH22/Humidity", "n": "Humidity", "v": 63.997707049949184, "t": 280}
Published: {"bn": "greenhouse_0/sensors/NPK/NPK", "n": "NPK", "v": 805.4153354484156, "t": 280}
Published: {"bn": "greenhouse_0/sensors/SoilMoisture/SoilMoisture", "n": "SoilMoisture", "v": 50.4908492099555, "t": 280}
Published: {"bn": "greenhouse_0/sensors/LightIntensity/LightIntensity", "n": "LightIntensity", "v": 195.17262069713138, "t": 280}
Published: {"bn": "greenhouse_0/sensors/Ph/Ph", "n": "Ph", "v": 7.885654269506677, "t": 290}
Published: {"bn": "greenhouse_0/sensors/DTH22/Temperature", "n": "Temperature", "v": 12.905173742919375, "t": 290}
Published: {"bn": "greenhouse_0/sensors/DTH22/Humidity", "n": "Humidity", "v": 96.2147074245517, "t": 290}
Published: {"bn": "greenhouse_0/sensors/NPK/NPK", "n": "NPK", "v": 856.3333117830888, "t": 290}
Published: {"bn": "greenhouse_0/sensors/SoilMoisture/SoilMoisture", "n": "SoilMoisture", "v": 76.16317164707152, "t": 290}
Published: {"bn": "greenhouse_0/sensors/LightIntensity/LightIntensity", "n": "LightIntensity", "v": 574.9880685757001, "t": 290}
Published: {"bn": "greenhouse_0/sensors/Ph/Ph", "n": "Ph", "v": 5.852382701654047, "t": 300}
Published: {"bn": "greenhouse_0/sensors/DTH22/Temperature", "n": "Temperature", "v": 34.72505710582206, "t": 300}
Published: {"bn": "greenhouse_0/sensors/DTH22/Humidity", "n": "Humidity", "v": 6.221680993566614, "t": 300}
Published: {"bn": "greenhouse_0/sensors/NPK/NPK", "n": "NPK", "v": 50.362643610395885, "t": 300}
Published: {"bn": "greenhouse_0/sensors/SoilMoisture/SoilMoisture", "n": "SoilMoisture", "v": 91.32946935124457, "t": 300}
Published: {"bn": "greenhouse_0/sensors/LightIntensity/LightIntensity", "n": "LightIntensity", "v": 707.597637590572, "t": 300}
Published: {"bn": "greenhouse_0/sensors/Ph/Ph", "n": "Ph", "v": 5.106876227517429, "t": 310}
Published: {"bn": "greenhouse_0/sensors/DTH22/Temperature", "n": "Temperature", "v": 11.774166785755426, "t": 310}
Published: {"bn": "greenhouse_0/sensors/DTH22/Humidity", "n": "Humidity", "v": 80.83283850396754, "t": 310}
Published: {"bn": "greenhouse_0/sensors/NPK/NPK", "n": "NPK", "v": 689.7436449825615, "t": 310}
Published: {"bn": "greenhouse_0/sensors/SoilMoisture/SoilMoisture", "n": "SoilMoisture", "v": 94.35201791305528, "t": 310}
Published: {"bn": "greenhouse_0/sensors/LightIntensity/LightIntensity", "n": "LightIntensity", "v": 6.372952942744536, "t": 310}
Published: {"bn": "greenhouse_0/sensors/Ph/Ph", "n": "Ph", "v": 3.362746787908499, "t": 320}
Published: {"bn": "greenhouse_0/sensors/DTH22/Temperature", "n": "Temperature", "v": 20.070254987658465, "t": 320}
Published: {"bn": "greenhouse_0/sensors/DTH22/Humidity", "n": "Humidity", "v": 32.09362643945812, "t": 320}
Published: {"bn": "greenhouse_0/sensors/NPK/NPK", "n": "NPK", "v": 588.3160926284509, "t": 320}
Published: {"bn": "greenhouse_0/sensors/SoilMoisture/SoilMoisture", "n": "SoilMoisture", "v": 23.10434894033957, "t": 320}
Published: {"bn": "greenhouse_0/sensors/LightIntensity/LightIntensity", "n": "LightIntensity", "v": 319.510025377594, "t": 320}
Published: {"bn": "greenhouse_0/sensors/Ph/Ph", "n": "Ph", "v": 4.450996486648631, "t": 330}
Published: {"bn": "greenhouse_0/sensors/DTH22/Temperature", "n": "Temperature", "v": 29.00162036326523, "t": 330}
Published: {"bn": "greenhouse_0/sensors/DTH22/Humidity", "n": "Humidity", "v": 76.92894387320136, "t": 330}
Published: {"bn": "greenhouse_0/sensors/NPK/NPK", "n": "NPK", "v": 123.26359736461289, "t": 330}
Published: {"bn": "greenhouse_0/sensors/SoilMoisture/SoilMoisture", "n": "SoilMoisture", "v": 33.595168282662854, "t": 330}
Published: {"bn": "greenhouse_0/sensors/LightIntensity/LightIntensity", "n": "LightIntensity", "v": 428.5938209060956, "t": 330}
Published: {"bn": "greenhouse_0/sensors/Ph/Ph", "n": "Ph", "v": 6.278223076679528, "t": 340}
Published: {"bn": "greenhouse_0/sensors/DTH22/Temperature", "n": "Temperature", "v": 20.49846971012771, "t": 340}
Published: {"bn": "greenhouse_0/sensors/DTH22/Humidity", "n": "Humidity", "v": 52.685461129227704, "t": 340}
Published: {"bn": "greenhouse_0/sensors/NPK/NPK", "n": "NPK", "v": 501.5347786670771, "t": 340}
Published: {"bn": "greenhouse_0/sensors/SoilMoisture/SoilMoisture", "n": "SoilMoisture", "v": 67.43922927088883, "t": 340}
Published: {"bn": "greenhouse_0/sensors/LightIntensity/LightIntensity", "n": "LightIntensity", "v": 675.2452533453816, "t": 340}
Published: {"bn": "greenhouse_0/sensors/Ph/Ph", "n": "Ph", "v": 4.817313294668526, "t": 350}
Published: {"bn": "greenhouse_0/sensors/DTH22/Temperature", "n": "Temperature", "v": 30.137501478091064, "t": 350}
Published: {"bn": "greenhouse_0/sensors/DTH22/Humidity", "n": "Humidity", "v": 73.4438104261044, "t": 350}
Published: {"bn": "greenhouse_0/sensors/NPK/NPK", "n": "NPK", "v": 238.12096431972452, "t": 350}
Published: {"bn": "greenhouse_0/sensors/SoilMoisture/SoilMoisture", "n": "SoilMoisture", "v": 47.97494586240553, "t": 350}
Published: {"bn": "greenhouse_0/sensors/LightIntensity/LightIntensity", "n": "LightIntensity", "v": 894.3796469979003, "t": 350}
Published: {"bn": "greenhouse_0/sensors/Ph/Ph", "n": "Ph", "v": 5.776073779935331, "t": 360}
Published: {"bn": "greenhouse_0/sensors/DTH22/Temperature", "n": "Temperature", "v": 32.785278178423106, "t": 360}
Published: {"bn": "greenhouse_0/sensors/DTH22/Humidity", "n": "Humidity", "v": 79.89728622596797, "t": 360}
Published: {"bn": "greenhouse_0/sensors/NPK/NPK", "n": "NPK", "v": 423.303279915535, "t": 360}
Published: {"bn": "greenhouse_0/sensors/SoilMoisture/SoilMoisture", "n": "SoilMoisture", "v": 33.476362919845016, "t": 360}
Published: {"bn": "greenhouse_0/sensors/LightIntensity/LightIntensity", "n": "LightIntensity", "v": 100.7459039431764, "t": 360}
Published: {"bn": "greenhouse_0/sensors/Ph/Ph", "n": "Ph", "v": 7.9391792404319155, "t": 370}
Published: {"bn": "greenhouse_0/sensors/DTH22/Temperature", "n": "Temperature", "v": 22.673972612535373, "t": 370}
Published: {"bn": "greenhouse_0/sensors/DTH22/Humidity", "n": "Humidity", "v": 95.83080530907542, "t": 370}
Published: {"bn": "greenhouse_0/sensors/NPK/NPK", "n": "NPK", "v": 210.82267383285568, "t": 370}
Published: {"bn": "greenhouse_0/sensors/SoilMoisture/SoilMoisture", "n": "SoilMoisture", "v": 67.95528776517071, "t": 370}
Published: {"bn": "greenhouse_0/sensors/LightIntensity/LightIntensity", "n": "LightIntensity", "v": 43.65842715977553, "t": 370}
Published: {"bn": "greenhouse_0/sensors/Ph/Ph", "n": "Ph", "v": 8.611274717102006, "t": 380}
Published: {"bn": "greenhouse_0/sensors/DTH22/Temperature", "n": "Temperature", "v": 29.21685882167331, "t": 380}
Published: {"bn": "greenhouse_0/sensors/DTH22/Humidity", "n": "Humidity", "v": 72.61164578288634, "t": 380}
Published: {"bn": "greenhouse_0/sensors/NPK/NPK", "n": "NPK", "v": 566.9548713432399, "t": 380}
Published: {"bn": "greenhouse_0/sensors/SoilMoisture/SoilMoisture", "n": "SoilMoisture", "v": 71.65550309792178, "t": 380}
Published: {"bn": "greenhouse_0/sensors/LightIntensity/LightIntensity", "n": "LightIntensity", "v": 435.3362681948476, "t": 380}
Published: {"bn": "greenhouse_0/sensors/Ph/Ph", "n": "Ph", "v": 4.513605752631972, "t": 390}
Published: {"bn": "greenhouse_0/sensors/DTH22/Temperature", "n": "Temperature", "v": 21.12954051134233, "t": 390}
Published: {"bn": "greenhouse_0/sensors/DTH22/Humidity", "n": "Humidity", "v": 92.28966972339353, "t": 390}
Published: {"bn": "greenhouse_0/sensors/NPK/NPK", "n": "NPK", "v": 748.5452998317941, "t": 390}
Published: {"bn": "greenhouse_0/sensors/SoilMoisture/SoilMoisture", "n": "SoilMoisture", "v": 84.95094545230708, "t": 390}
Published: {"bn": "greenhouse_0/sensors/LightIntensity/LightIntensity", "n": "LightIntensity", "v": 484.89923785811385, "t": 390}
Published: {"bn": "greenhouse_0/sensors/Ph/Ph", "n": "Ph", "v": 4.281230476560519, "t": 400}
Published: {"bn": "greenhouse_0/sensors/DTH22/Temperature", "n": "Temperature", "v": 29.932635845947942, "t": 400}
Published: {"bn": "greenhouse_0/sensors/DTH22/Humidity", "n": "Humidity", "v": 39.75410434604019, "t": 400}
Published: {"bn": "greenhouse_0/sensors/NPK/NPK", "n": "NPK", "v": 251.14489229892678, "t": 400}
Published: {"bn": "greenhouse_0/sensors/SoilMoisture/SoilMoisture", "n": "SoilMoisture", "v": 1.1581277417220703, "t": 400}
Published: {"bn": "greenhouse_0/sensors/LightIntensity/LightIntensity", "n": "LightIntensity", "v": 301.48637614261634, "t": 400}
Published: {"bn": "greenhouse_0/sensors/Ph/Ph", "n": "Ph", "v": 6.324546825425452, "t": 410}
Published: {"bn": "greenhouse_0/sensors/DTH22/Temperature", "n": "Temperature", "v": 18.95090954096421, "t": 410}
Published: {"bn": "greenhouse_0/sensors/DTH22/Humidity", "n": "Humidity", "v": 5.871481284979485, "t": 410}
Published: {"bn": "greenhouse_0/sensors/NPK/NPK", "n": "NPK", "v": 408.9068618967089, "t": 410}
Published: {"bn": "greenhouse_0/sensors/SoilMoisture/SoilMoisture", "n": "SoilMoisture", "v": 19.62469034648565, "t": 410}
Published: {"bn": "greenhouse_0/sensors/LightIntensity/LightIntensity", "n": "LightIntensity", "v": 207.20695000190824, "t": 410}
Published: {"bn": "greenhouse_0/sensors/Ph/Ph", "n": "Ph", "v": 4.823987789674158, "t": 420}
Published: {"bn": "greenhouse_0/sensors/DTH22/Temperature", "n": "Temperature", "v": 17.79387867413216, "t": 420}
Published: {"bn": "greenhouse_0/sensors/DTH22/Humidity", "n": "Humidity", "v": 68.2076467664895, "t": 420}
Published: {"bn": "greenhouse_0/sensors/NPK/NPK", "n": "NPK", "v": 610.3763929068265, "t": 420}
Published: {"bn": "greenhouse_0/sensors/SoilMoisture/SoilMoisture", "n": "SoilMoisture", "v": 18.165612194894255, "t": 420}
Published: {"bn": "greenhouse_0/sensors/LightIntensity/LightIntensity", "n": "LightIntensity", "v": 135.24641070544118, "t": 420}
Published: {"bn": "greenhouse_0/sensors/Ph/Ph", "n": "Ph", "v": 4.75682025415456, "t": 430}
Published: {"bn": "greenhouse_0/sensors/DTH22/Temperature", "n": "Temperature", "v": 13.84147481567987, "t": 430}
Published: {"bn": "greenhouse_0/sensors/DTH22/Humidity", "n": "Humidity", "v": 42.795580813144305, "t": 430}
Published: {"bn": "greenhouse_0/sensors/NPK/NPK", "n": "NPK", "v": 259.1808946916294, "t": 430}
Published: {"bn": "greenhouse_0/sensors/SoilMoisture/SoilMoisture", "n": "SoilMoisture", "v": 1.0229739120982462, "t": 430}
Published: {"bn": "greenhouse_0/sensors/LightIntensity/LightIntensity", "n": "LightIntensity", "v": 598.8726087481714, "t": 430}
Published: {"bn": "greenhouse_0/sensors/Ph/Ph", "n": "Ph", "v": 5.35942444876647, "t": 440}
Published: {"bn": "greenhouse_0/sensors/DTH22/Temperature", "n": "Temperature", "v": 30.865847672882506, "t": 440}
Published: {"bn": "greenhouse_0/sensors/DTH22/Humidity", "n": "Humidity", "v": 26.783156517842897, "t": 440}
Published: {"bn": "greenhouse_0/sensors/NPK/NPK", "n": "NPK", "v": 434.5758104958739, "t": 440}
Published: {"bn": "greenhouse_0/sensors/SoilMoisture/SoilMoisture", "n": "SoilMoisture", "v": 51.00039856891262, "t": 440}
Published: {"bn": "greenhouse_0/sensors/LightIntensity/LightIntensity", "n": "LightIntensity", "v": 287.1559614686081, "t": 440}
Published: {"bn": "greenhouse_0/sensors/Ph/Ph", "n": "Ph", "v": 4.383705165538855, "t": 450}
Published: {"bn": "greenhouse_0/sensors/DTH22/Temperature", "n": "Temperature", "v": 32.08527631013891, "t": 450}
Published: {"bn": "greenhouse_0/sensors/DTH22/Humidity", "n": "Humidity", "v": 73.05598643005776, "t": 450}
Published: {"bn": "greenhouse_0/sensors/NPK/NPK", "n": "NPK", "v": 313.49754779648276, "t": 450}
Published: {"bn": "greenhouse_0/sensors/SoilMoisture/SoilMoisture", "n": "SoilMoisture", "v": 87.6242526476196, "t": 450}
Published: {"bn": "greenhouse_0/sensors/LightIntensity/LightIntensity", "n": "LightIntensity", "v": 465.4574615820136, "t": 450}
Published: {"bn": "greenhouse_0/sensors/Ph/Ph", "n": "Ph", "v": 3.941054811208388, "t": 460}
Published: {"bn": "greenhouse_0/sensors/DTH22/Temperature", "n": "Temperature", "v": 25.344689249718563, "t": 460}
Published: {"bn": "greenhouse_0/sensors/DTH22/Humidity", "n": "Humidity", "v": 90.10795910711482, "t": 460}
Published: {"bn": "greenhouse_0/sensors/NPK/NPK", "n": "NPK", "v": 180.7092852531811, "t": 460}
Published: {"bn": "greenhouse_0/sensors/SoilMoisture/SoilMoisture", "n": "SoilMoisture", "v": 84.05536282214015, "t": 460}
Published: {"bn": "greenhouse_0/sensors/LightIntensity/LightIntensity", "n": "LightIntensity", "v": 35.76562921630788, "t": 460}
Published: {"bn": "greenhouse_0/sensors/Ph/Ph", "n": "Ph", "v": 3.75728553376275, "t": 470}
Published: {"bn": "greenhouse_0/sensors/DTH22/Temperature", "n": "Temperature", "v": 22.39428119760703, "t": 470}
Published: {"bn": "greenhouse_0/sensors/DTH22/Humidity", "n": "Humidity", "v": 8.968076650384349, "t": 470}
Published: {"bn": "greenhouse_0/sensors/NPK/NPK", "n": "NPK", "v": 145.95259622704248, "t": 470}
Published: {"bn": "greenhouse_0/sensors/SoilMoisture/SoilMoisture", "n": "SoilMoisture", "v": 74.98916708234647, "t": 470}
Published: {"bn": "greenhouse_0/sensors/LightIntensity/LightIntensity", "n": "LightIntensity", "v": 523.0621568649328, "t": 470}
Published: {"bn": "greenhouse_0/sensors/Ph/Ph", "n": "Ph", "v": 8.722884872683384, "t": 480}
Published: {"bn": "greenhouse_0/sensors/DTH22/Temperature", "n": "Temperature", "v": 30.65376195499474, "t": 480}
Published: {"bn": "greenhouse_0/sensors/DTH22/Humidity", "n": "Humidity", "v": 17.049292384443838, "t": 480}
Published: {"bn": "greenhouse_0/sensors/NPK/NPK", "n": "NPK", "v": 286.87973477819685, "t": 480}
Published: {"bn": "greenhouse_0/sensors/SoilMoisture/SoilMoisture", "n": "SoilMoisture", "v": 98.54234742710362, "t": 480}
Published: {"bn": "greenhouse_0/sensors/LightIntensity/LightIntensity", "n": "LightIntensity", "v": 118.33927435670566, "t": 480}
Published: {"bn": "greenhouse_0/sensors/Ph/Ph", "n": "Ph", "v": 6.161954148798321, "t": 490}
Published: {"bn": "greenhouse_0/sensors/DTH22/Temperature", "n": "Temperature", "v": 11.025093586078125, "t": 490}
Published: {"bn": "greenhouse_0/sensors/DTH22/Humidity", "n": "Humidity", "v": 16.569225652938268, "t": 490}
Published: {"bn": "greenhouse_0/sensors/NPK/NPK", "n": "NPK", "v": 304.04608885379014, "t": 490}
Published: {"bn": "greenhouse_0/sensors/SoilMoisture/SoilMoisture", "n": "SoilMoisture", "v": 50.53559686320603, "t": 490}
Published: {"bn": "greenhouse_0/sensors/LightIntensity/LightIntensity", "n": "LightIntensity", "v": 191.87858599440554, "t": 490}
Published: {"bn": "greenhouse_0/sensors/Ph/Ph", "n": "Ph", "v": 4.064232469868116, "t": 500}
Published: {"bn": "greenhouse_0/sensors/DTH22/Temperature", "n": "Temperature", "v": 18.953942156367148, "t": 500}
Published: {"bn": "greenhouse_0/sensors/DTH22/Humidity", "n": "Humidity", "v": 70.56742003885603, "t": 500}
Published: {"bn": "greenhouse_0/sensors/NPK/NPK", "n": "NPK", "v": 345.503586029436, "t": 500}
Published: {"bn": "greenhouse_0/sensors/SoilMoisture/SoilMoisture", "n": "SoilMoisture", "v": 76.91706127081798, "t": 500}
Published: {"bn": "greenhouse_0/sensors/LightIntensity/LightIntensity", "n": "LightIntensity", "v": 824.7819444933231, "t": 500}
Published: {"bn": "greenhouse_0/sensors/Ph/Ph", "n": "Ph", "v": 4.763960211524447, "t": 510}
Published: {"bn": "greenhouse_0/sensors/DTH22/Temperature", "n": "Temperature", "v": 28.857212005856063, "t": 510}
Published: {"bn": "greenhouse_0/sensors/DTH22/Humidity", "n": "Humidity", "v": 38.092223465625665, "t": 510}
Published: {"bn": "greenhouse_0/sensors/NPK/NPK", "n": "NPK", "v": 520.8563787188122, "t": 510}
Published: {"bn": "greenhouse_0/sensors/SoilMoisture/SoilMoisture", "n": "SoilMoisture", "v": 63.48067135191554, "t": 510}
Published: {"bn": "greenhouse_0/sensors/LightIntensity/LightIntensity", "n": "LightIntensity", "v": 915.391113999902, "t": 510}
Published: {"bn": "greenhouse_0/sensors/Ph/Ph", "n": "Ph", "v": 5.15419122762243, "t": 520}
Published: {"bn": "greenhouse_0/sensors/DTH22/Temperature", "n": "Temperature", "v": 19.472787919100583, "t": 520}
Published: {"bn": "greenhouse_0/sensors/DTH22/Humidity", "n": "Humidity", "v": 62.111605743686326, "t": 520}
Published: {"bn": "greenhouse_0/sensors/NPK/NPK", "n": "NPK", "v": 14.333506628812831, "t": 520}
Published: {"bn": "greenhouse_0/sensors/SoilMoisture/SoilMoisture", "n": "SoilMoisture", "v": 13.851530879070628, "t": 520}
Published: {"bn": "greenhouse_0/sensors/LightIntensity/LightIntensity", "n": "LightIntensity", "v": 122.33203861052644, "t": 520}
Published: {"bn": "greenhouse_0/sensors/Ph/Ph", "n": "Ph", "v": 5.828945493248446, "t": 530}
Published: {"bn": "greenhouse_0/sensors/DTH22/Temperature", "n": "Temperature", "v": 14.107929432231238, "t": 530}
Published: {"bn": "greenhouse_0/sensors/DTH22/Humidity", "n": "Humidity", "v": 25.43036429182528, "t": 530}
Published: {"bn": "greenhouse_0/sensors/NPK/NPK", "n": "NPK", "v": 917.7742108837648, "t": 530}
Published: {"bn": "greenhouse_0/sensors/SoilMoisture/SoilMoisture", "n": "SoilMoisture", "v": 33.20761558662826, "t": 530}
Published: {"bn": "greenhouse_0/sensors/LightIntensity/LightIntensity", "n": "LightIntensity", "v": 132.85489092268065, "t": 530}
Published: {"bn": "greenhouse_0/sensors/Ph/Ph", "n": "Ph", "v": 7.728823843674103, "t": 540}
Published: {"bn": "greenhouse_0/sensors/DTH22/Temperature", "n": "Temperature", "v": 14.218571461068766, "t": 540}
Published: {"bn": "greenhouse_0/sensors/DTH22/Humidity", "n": "Humidity", "v": 34.42680708393657, "t": 540}
Published: {"bn": "greenhouse_0/sensors/NPK/NPK", "n": "NPK", "v": 511.5041825271026, "t": 540}
Published: {"bn": "greenhouse_0/sensors/SoilMoisture/SoilMoisture", "n": "SoilMoisture", "v": 88.30931176631596, "t": 540}
Published: {"bn": "greenhouse_0/sensors/LightIntensity/LightIntensity", "n": "LightIntensity", "v": 460.8033062333812, "t": 540}
Published: {"bn": "greenhouse_0/sensors/Ph/Ph", "n": "Ph", "v": 4.907559007359504, "t": 550}
Published: {"bn": "greenhouse_0/sensors/DTH22/Temperature", "n": "Temperature", "v": 19.81617196772621, "t": 550}
Published: {"bn": "greenhouse_0/sensors/DTH22/Humidity", "n": "Humidity", "v": 51.76282495298508, "t": 550}
Published: {"bn": "greenhouse_0/sensors/NPK/NPK", "n": "NPK", "v": 551.3104677529348, "t": 550}
Published: {"bn": "greenhouse_0/sensors/SoilMoisture/SoilMoisture", "n": "SoilMoisture", "v": 19.971605581150907, "t": 550}
Published: {"bn": "greenhouse_0/sensors/LightIntensity/LightIntensity", "n": "LightIntensity", "v": 61.62462266989566, "t": 550}
Published: {"bn": "greenhouse_0/sensors/Ph/Ph", "n": "Ph", "v": 5.790030510863875, "t": 560}
Published: {"bn": "greenhouse_0/sensors/DTH22/Temperature", "n": "Temperature", "v": 29.225934903248522, "t": 560}
Published: {"bn": "greenhouse_0/sensors/DTH22/Humidity", "n": "Humidity", "v": 61.56824313411572, "t": 560}
Published: {"bn": "greenhouse_0/sensors/NPK/NPK", "n": "NPK", "v": 193.80095765019078, "t": 560}
Published: {"bn": "greenhouse_0/sensors/SoilMoisture/SoilMoisture", "n": "SoilMoisture", "v": 55.00745062704879, "t": 560}
Published: {"bn": "greenhouse_0/sensors/LightIntensity/LightIntensity", "n": "LightIntensity", "v": 898.0056129484113, "t": 560}
Published: {"bn": "greenhouse_0/sensors/Ph/Ph", "n": "Ph", "v": 5.399049942947972, "t": 570}
Published: {"bn": "greenhouse_0/sensors/DTH22/Temperature", "n": "Temperature", "v": 12.288100684162375, "t": 570}
Published: {"bn": "greenhouse_0/sensors/DTH22/Humidity", "n": "Humidity", "v": 89.31511484305717, "t": 570}
Published: {"bn": "greenhouse_0/sensors/NPK/NPK", "n": "NPK", "v": 919.1134394777056, "t": 570}
Published: {"bn": "greenhouse_0/sensors/SoilMoisture/SoilMoisture", "n": "SoilMoisture", "v": 59.116567546909934, "t": 570}
Published: {"bn": "greenhouse_0/sensors/LightIntensity/LightIntensity", "n": "LightIntensity", "v": 302.15645044017094, "t": 570}
Published: {"bn": "greenhouse_0/sensors/Ph/Ph", "n": "Ph", "v": 4.5171574950904745, "t": 580}
Published: {"bn": "greenhouse_0/sensors/DTH22/Temperature", "n": "Temperature", "v": 11.835321240828137, "t": 580}
Published: {"bn": "greenhouse_0/sensors/DTH22/Humidity", "n": "Humidity", "v": 77.01786424357653, "t": 580}
Published: {"bn": "greenhouse_0/sensors/NPK/NPK", "n": "NPK", "v": 844.7010203803912, "t": 580}
Published: {"bn": "greenhouse_0/sensors/SoilMoisture/SoilMoisture", "n": "SoilMoisture", "v": 98.63828231271525, "t": 580}
Published: {"bn": "greenhouse_0/sensors/LightIntensity/LightIntensity", "n": "LightIntensity", "v": 898.109032778023, "t": 580}
Published: {"bn": "greenhouse_0/sensors/Ph/Ph", "n": "Ph", "v": 7.261622031323807, "t": 590}
Published: {"bn": "greenhouse_0/sensors/DTH22/Temperature", "n": "Temperature", "v": 26.018295394765133, "t": 590}
Published: {"bn": "greenhouse_0/sensors/DTH22/Humidity", "n": "Humidity", "v": 31.183514808388512, "t": 590}
Published: {"bn": "greenhouse_0/sensors/NPK/NPK", "n": "NPK", "v": 947.0518723056194, "t": 590}
Published: {"bn": "greenhouse_0/sensors/SoilMoisture/SoilMoisture", "n": "SoilMoisture", "v": 28.599677067129925, "t": 590}
Published: {"bn": "greenhouse_0/sensors/LightIntensity/LightIntensity", "n": "LightIntensity", "v": 242.3247249333028, "t": 590}
Published: {"bn": "greenhouse_0/sensors/Ph/Ph", "n": "Ph", "v": 7.580151077929855, "t": 600}
Published: {"bn": "greenhouse_0/sensors/DTH22/Temperature", "n": "Temperature", "v": 30.273382127669336, "t": 600}
Published: {"bn": "greenhouse_0/sensors/DTH22/Humidity", "n": "Humidity", "v": 30.564933320976806, "t": 600}
Published: {"bn": "greenhouse_0/sensors/NPK/NPK", "n": "NPK", "v": 212.20676198238343, "t": 600}
Published: {"bn": "greenhouse_0/sensors/SoilMoisture/SoilMoisture", "n": "SoilMoisture", "v": 96.83733277401204, "t": 600}
Published: {"bn": "greenhouse_0/sensors/LightIntensity/LightIntensity", "n": "LightIntensity", "v": 330.3863383113874, "t": 600}
Published: {"bn": "greenhouse_0/sensors/Ph/Ph", "n": "Ph", "v": 5.517001510300375, "t": 610}
Published: {"bn": "greenhouse_0/sensors/DTH22/Temperature", "n": "Temperature", "v": 25.075977351182125, "t": 610}
Published: {"bn": "greenhouse_0/sensors/DTH22/Humidity", "n": "Humidity", "v": 44.13225223708772, "t": 610}
Published: {"bn": "greenhouse_0/sensors/NPK/NPK", "n": "NPK", "v": 716.7821990694231, "t": 610}
Published: {"bn": "greenhouse_0/sensors/SoilMoisture/SoilMoisture", "n": "SoilMoisture", "v": 55.86812901186441, "t": 610}
Published: {"bn": "greenhouse_0/sensors/LightIntensity/LightIntensity", "n": "LightIntensity", "v": 833.6102704175746, "t": 610}
Published: {"bn": "greenhouse_0/sensors/Ph/Ph", "n": "Ph", "v": 4.194530246594921, "t": 620}
Published: {"bn": "greenhouse_0/sensors/DTH22/Temperature", "n": "Temperature", "v": 30.869501925747453, "t": 620}
Published: {"bn": "greenhouse_0/sensors/DTH22/Humidity", "n": "Humidity", "v": 86.90140343656935, "t": 620}
Published: {"bn": "greenhouse_0/sensors/NPK/NPK", "n": "NPK", "v": 987.4465647370444, "t": 620}
Published: {"bn": "greenhouse_0/sensors/SoilMoisture/SoilMoisture", "n": "SoilMoisture", "v": 88.15689810042613, "t": 620}
Published: {"bn": "greenhouse_0/sensors/LightIntensity/LightIntensity", "n": "LightIntensity", "v": 329.5775766072417, "t": 620}
Published: {"bn": "greenhouse_0/sensors/Ph/Ph", "n": "Ph", "v": 7.572367157386914, "t": 630}
Published: {"bn": "greenhouse_0/sensors/DTH22/Temperature", "n": "Temperature", "v": 26.080755772327326, "t": 630}
Published: {"bn": "greenhouse_0/sensors/DTH22/Humidity", "n": "Humidity", "v": 48.361385158241376, "t": 630}
Published: {"bn": "greenhouse_0/sensors/NPK/NPK", "n": "NPK", "v": 760.9734552539376, "t": 630}
Published: {"bn": "greenhouse_0/sensors/SoilMoisture/SoilMoisture", "n": "SoilMoisture", "v": 11.785150040504567, "t": 630}
Published: {"bn": "greenhouse_0/sensors/LightIntensity/LightIntensity", "n": "LightIntensity", "v": 283.464385296457, "t": 630}
Published: {"bn": "greenhouse_0/sensors/Ph/Ph", "n": "Ph", "v": 3.767645207689045, "t": 640}
Published: {"bn": "greenhouse_0/sensors/DTH22/Temperature", "n": "Temperature", "v": 18.058392006474403, "t": 640}
Published: {"bn": "greenhouse_0/sensors/DTH22/Humidity", "n": "Humidity", "v": 95.40862540555469, "t": 640}
Published: {"bn": "greenhouse_0/sensors/NPK/NPK", "n": "NPK", "v": 293.3283528148736, "t": 640}
Published: {"bn": "greenhouse_0/sensors/SoilMoisture/SoilMoisture", "n": "SoilMoisture", "v": 92.7577913865493, "t": 640}
Published: {"bn": "greenhouse_0/sensors/LightIntensity/LightIntensity", "n": "LightIntensity", "v": 329.32242401139024, "t": 640}
Published: {"bn": "greenhouse_0/sensors/Ph/Ph", "n": "Ph", "v": 4.605679637523941, "t": 650}
Published: {"bn": "greenhouse_0/sensors/DTH22/Temperature", "n": "Temperature", "v": 30.033599661023857, "t": 650}
Published: {"bn": "greenhouse_0/sensors/DTH22/Humidity", "n": "Humidity", "v": 52.63345968723161, "t": 650}
Published: {"bn": "greenhouse_0/sensors/NPK/NPK", "n": "NPK", "v": 367.92497685285394, "t": 650}
Published: {"bn": "greenhouse_0/sensors/SoilMoisture/SoilMoisture", "n": "SoilMoisture", "v": 70.21187091369477, "t": 650}
Published: {"bn": "greenhouse_0/sensors/LightIntensity/LightIntensity", "n": "LightIntensity", "v": 984.7835392296344, "t": 650}
Published: {"bn": "greenhouse_0/sensors/Ph/Ph", "n": "Ph", "v": 4.444224572697144, "t": 660}
Published: {"bn": "greenhouse_0/sensors/DTH22/Temperature", "n": "Temperature", "v": 23.940231310625304, "t": 660}
Published: {"bn": "greenhouse_0/sensors/DTH22/Humidity", "n": "Humidity", "v": 7.518596660713062, "t": 660}
Published: {"bn": "greenhouse_0/sensors/NPK/NPK", "n": "NPK", "v": 974.4089515126599, "t": 660}
Published: {"bn": "greenhouse_0/sensors/SoilMoisture/SoilMoisture", "n": "SoilMoisture", "v": 89.83411819877576, "t": 660}
Published: {"bn": "greenhouse_0/sensors/LightIntensity/LightIntensity", "n": "LightIntensity", "v": 364.79796716713145, "t": 660}
Published: {"bn": "greenhouse_0/sensors/Ph/Ph", "n": "Ph", "v": 7.840663372003062, "t": 670}
Published: {"bn": "greenhouse_0/sensors/DTH22/Temperature", "n": "Temperature", "v": 34.497023021532485, "t": 670}
Published: {"bn": "greenhouse_0/sensors/DTH22/Humidity", "n": "Humidity", "v": 7.442949717362934, "t": 670}
Published: {"bn": "greenhouse_0/sensors/NPK/NPK", "n": "NPK", "v": 501.1817377801754, "t": 670}
Published: {"bn": "greenhouse_0/sensors/SoilMoisture/SoilMoisture", "n": "SoilMoisture", "v": 93.3772475065366, "t": 670}
Published: {"bn": "greenhouse_0/sensors/LightIntensity/LightIntensity", "n": "LightIntensity", "v": 299.69671691005783, "t": 670}
Published: {"bn": "greenhouse_0/sensors/Ph/Ph", "n": "Ph", "v": 8.74073915010037, "t": 680}
Published: {"bn": "greenhouse_0/sensors/DTH22/Temperature", "n": "Temperature", "v": 34.51821961655217, "t": 680}
Published: {"bn": "greenhouse_0/sensors/DTH22/Humidity", "n": "Humidity", "v": 52.649727622967156, "t": 680}
Published: {"bn": "greenhouse_0/sensors/NPK/NPK", "n": "NPK", "v": 325.39214258953643, "t": 680}
Published: {"bn": "greenhouse_0/sensors/SoilMoisture/SoilMoisture", "n": "SoilMoisture", "v": 47.91785286099426, "t": 680}
Published: {"bn": "greenhouse_0/sensors/LightIntensity/LightIntensity", "n": "LightIntensity", "v": 285.89526650351326, "t": 680}
Published: {"bn": "greenhouse_0/sensors/Ph/Ph", "n": "Ph", "v": 3.95071739919849, "t": 690}
Published: {"bn": "greenhouse_0/sensors/DTH22/Temperature", "n": "Temperature", "v": 20.073452981625643, "t": 690}
Published: {"bn": "greenhouse_0/sensors/DTH22/Humidity", "n": "Humidity", "v": 29.73922786388631, "t": 690}
Published: {"bn": "greenhouse_0/sensors/NPK/NPK", "n": "NPK", "v": 888.9635755874344, "t": 690}
Published: {"bn": "greenhouse_0/sensors/SoilMoisture/SoilMoisture", "n": "SoilMoisture", "v": 5.35117483787112, "t": 690}
Published: {"bn": "greenhouse_0/sensors/LightIntensity/LightIntensity", "n": "LightIntensity", "v": 796.706694513734, "t": 690}
Published: {"bn": "greenhouse_0/sensors/Ph/Ph", "n": "Ph", "v": 8.233113440891424, "t": 700}
Published: {"bn": "greenhouse_0/sensors/DTH22/Temperature", "n": "Temperature", "v": 16.68400564434305, "t": 700}
Published: {"bn": "greenhouse_0/sensors/DTH22/Humidity", "n": "Humidity", "v": 99.1162356923224, "t": 700}
Published: {"bn": "greenhouse_0/sensors/NPK/NPK", "n": "NPK", "v": 837.8957117724414, "t": 700}
Published: {"bn": "greenhouse_0/sensors/SoilMoisture/SoilMoisture", "n": "SoilMoisture", "v": 17.25423290232704, "t": 700}
Published: {"bn": "greenhouse_0/sensors/LightIntensity/LightIntensity", "n": "LightIntensity", "v": 725.9642001175102, "t": 700}
Published: {"bn": "greenhouse_0/sensors/Ph/Ph", "n": "Ph", "v": 3.140745960456446, "t": 710}
Published: {"bn": "greenhouse_0/sensors/DTH22/Temperature", "n": "Temperature", "v": 19.10411529212855, "t": 710}
Published: {"bn": "greenhouse_0/sensors/DTH22/Humidity", "n": "Humidity", "v": 33.756134240005444, "t": 710}
Published: {"bn": "greenhouse_0/sensors/NPK/NPK", "n": "NPK", "v": 198.56558204089401, "t": 710}
Published: {"bn": "greenhouse_0/sensors/SoilMoisture/SoilMoisture", "n": "SoilMoisture", "v": 99.80120130326661, "t": 710}
Published: {"bn": "greenhouse_0/sensors/LightIntensity/LightIntensity", "n": "LightIntensity", "v": 10.066581352300762, "t": 710}
Published: {"bn": "greenhouse_0/sensors/Ph/Ph", "n": "Ph", "v": 6.971434371405108, "t": 720}
Published: {"bn": "greenhouse_0/sensors/DTH22/Temperature", "n": "Temperature", "v": 30.676984047969356, "t": 720}
Published: {"bn": "greenhouse_0/sensors/DTH22/Humidity", "n": "Humidity", "v": 27.938017894331523, "t": 720}
Published: {"bn": "greenhouse_0/sensors/NPK/NPK", "n": "NPK", "v": 710.3407172985961, "t": 720}
Published: {"bn": "greenhouse_0/sensors/SoilMoisture/SoilMoisture", "n": "SoilMoisture", "v": 89.76618328877528, "t": 720}
Published: {"bn": "greenhouse_0/sensors/LightIntensity/LightIntensity", "n": "LightIntensity", "v": 586.7854367105891, "t": 720}
Published: {"bn": "greenhouse_0/sensors/Ph/Ph", "n": "Ph", "v": 7.683884152698076, "t": 730}
Published: {"bn": "greenhouse_0/sensors/DTH22/Temperature", "n": "Temperature", "v": 28.359066950477345, "t": 730}
Published: {"bn": "greenhouse_0/sensors/DTH22/Humidity", "n": "Humidity", "v": 61.804421764551535, "t": 730}
Published: {"bn": "greenhouse_0/sensors/NPK/NPK", "n": "NPK", "v": 207.77500574804742, "t": 730}
Published: {"bn": "greenhouse_0/sensors/SoilMoisture/SoilMoisture", "n": "SoilMoisture", "v": 50.01689149205002, "t": 730}
Published: {"bn": "greenhouse_0/sensors/LightIntensity/LightIntensity", "n": "LightIntensity", "v": 37.867769531307886, "t": 730}
Published: {"bn": "greenhouse_0/sensors/Ph/Ph", "n": "Ph", "v": 7.077352482478926, "t": 740}
Published: {"bn": "greenhouse_0/sensors/DTH22/Temperature", "n": "Temperature", "v": 32.960852667690844, "t": 740}
Published: {"bn": "greenhouse_0/sensors/DTH22/Humidity", "n": "Humidity", "v": 52.712923142325565, "t": 740}
Published: {"bn": "greenhouse_0/sensors/NPK/NPK", "n": "NPK", "v": 927.3654666796755, "t": 740}
Published: {"bn": "greenhouse_0/sensors/SoilMoisture/SoilMoisture", "n": "SoilMoisture", "v": 35.83501004858829, "t": 740}
Published: {"bn": "greenhouse_0/sensors/LightIntensity/LightIntensity", "n": "LightIntensity", "v": 92.66571884274444, "t": 740}
Published: {"bn": "greenhouse_0/sensors/Ph/Ph", "n": "Ph", "v": 8.543536392949479, "t": 750}
Published: {"bn": "greenhouse_0/sensors/DTH22/Temperature", "n": "Temperature", "v": 20.787968770382236, "t": 750}
Published: {"bn": "greenhouse_0/sensors/DTH22/Humidity", "n": "Humidity", "v": 78.20695474587706, "t": 750}
Published: {"bn": "greenhouse_0/sensors/NPK/NPK", "n": "NPK", "v": 129.7710560340879, "t": 750}
Published: {"bn": "greenhouse_0/sensors/SoilMoisture/SoilMoisture", "n": "SoilMoisture", "v": 11.430239224366346, "t": 750}
Published: {"bn": "greenhouse_0/sensors/LightIntensity/LightIntensity", "n": "LightIntensity", "v": 53.2093947044352, "t": 750}
Published: {"bn": "greenhouse_0/sensors/Ph/Ph", "n": "Ph", "v": 7.009593876986356, "t": 760}
Published: {"bn": "greenhouse_0/sensors/DTH22/Temperature", "n": "Temperature", "v": 15.835964110697429, "t": 760}
Published: {"bn": "greenhouse_0/sensors/DTH22/Humidity", "n": "Humidity", "v": 89.25846121444417, "t": 760}
Published: {"bn": "greenhouse_0/sensors/NPK/NPK", "n": "NPK", "v": 335.22486441895694, "t": 760}
Published: {"bn": "greenhouse_0/sensors/SoilMoisture/SoilMoisture", "n": "SoilMoisture", "v": 83.56926582457685, "t": 760}
Published: {"bn": "greenhouse_0/sensors/LightIntensity/LightIntensity", "n": "LightIntensity", "v": 67.16773887406724, "t": 760}
Published: {"bn": "greenhouse_0/sensors/Ph/Ph", "n": "Ph", "v": 6.536910893203261, "t": 770}
Published: {"bn": "greenhouse_0/sensors/DTH22/Temperature", "n": "Temperature", "v": 20.766187878931653, "t": 770}
Published: {"bn": "greenhouse_0/sensors/DTH22/Humidity", "n": "Humidity", "v": 36.60040582753591, "t": 770}
Published: {"bn": "greenhouse_0/sensors/NPK/NPK", "n": "NPK", "v": 294.905255344591, "t": 770}
Published: {"bn": "greenhouse_0/sensors/SoilMoisture/SoilMoisture", "n": "SoilMoisture", "v": 45.94652907013826, "t": 770}
Published: {"bn": "greenhouse_0/sensors/LightIntensity/LightIntensity", "n": "LightIntensity", "v": 639.8312516617154, "t": 770}
Published: {"bn": "greenhouse_0/sensors/Ph/Ph", "n": "Ph", "v": 3.415824762550921, "t": 780}
Published: {"bn": "greenhouse_0/sensors/DTH22/Temperature", "n": "Temperature", "v": 13.740572827481262, "t": 780}
Published: {"bn": "greenhouse_0/sensors/DTH22/Humidity", "n": "Humidity", "v": 82.65868412223077, "t": 780}
Published: {"bn": "greenhouse_0/sensors/NPK/NPK", "n": "NPK", "v": 6.78412704954634, "t": 780}
Published: {"bn": "greenhouse_0/sensors/SoilMoisture/SoilMoisture", "n": "SoilMoisture", "v": 20.62851641133908, "t": 780}
Published: {"bn": "greenhouse_0/sensors/LightIntensity/LightIntensity", "n": "LightIntensity", "v": 773.8931005416575, "t": 780}
Published: {"bn": "greenhouse_0/sensors/Ph/Ph", "n": "Ph", "v": 6.036989474801032, "t": 790}
Published: {"bn": "greenhouse_0/sensors/DTH22/Temperature", "n": "Temperature", "v": 21.763284482513544, "t": 790}
Published: {"bn": "greenhouse_0/sensors/DTH22/Humidity", "n": "Humidity", "v": 33.48169520791665, "t": 790}
Published: {"bn": "greenhouse_0/sensors/NPK/NPK", "n": "NPK", "v": 76.8594437639556, "t": 790}
Published: {"bn": "greenhouse_0/sensors/SoilMoisture/SoilMoisture", "n": "SoilMoisture", "v": 39.71394356071964, "t": 790}
Published: {"bn": "greenhouse_0/sensors/LightIntensity/LightIntensity", "n": "LightIntensity", "v": 732.222782706641, "t": 790}
Published: {"bn": "greenhouse_0/sensors/Ph/Ph", "n": "Ph", "v": 5.396595224238635, "t": 800}
Published: {"bn": "greenhouse_0/sensors/DTH22/Temperature", "n": "Temperature", "v": 14.314884251391115, "t": 800}
Published: {"bn": "greenhouse_0/sensors/DTH22/Humidity", "n": "Humidity", "v": 63.99363930229636, "t": 800}
Published: {"bn": "greenhouse_0/sensors/NPK/NPK", "n": "NPK", "v": 933.9990425912337, "t": 800}
Published: {"bn": "greenhouse_0/sensors/SoilMoisture/SoilMoisture", "n": "SoilMoisture", "v": 95.52381401851679, "t": 800}
Published: {"bn": "greenhouse_0/sensors/LightIntensity/LightIntensity", "n": "LightIntensity", "v": 790.6701157072299, "t": 800}
Published: {"bn": "greenhouse_0/sensors/Ph/Ph", "n": "Ph", "v": 3.9456440421065757, "t": 810}
Published: {"bn": "greenhouse_0/sensors/DTH22/Temperature", "n": "Temperature", "v": 22.65211477215782, "t": 810}
Published: {"bn": "greenhouse_0/sensors/DTH22/Humidity", "n": "Humidity", "v": 29.340230540937306, "t": 810}
Published: {"bn": "greenhouse_0/sensors/NPK/NPK", "n": "NPK", "v": 348.6497000498092, "t": 810}
Published: {"bn": "greenhouse_0/sensors/SoilMoisture/SoilMoisture", "n": "SoilMoisture", "v": 88.41576293750093, "t": 810}
Published: {"bn": "greenhouse_0/sensors/LightIntensity/LightIntensity", "n": "LightIntensity", "v": 53.616607480838965, "t": 810}
Published: {"bn": "greenhouse_0/sensors/Ph/Ph", "n": "Ph", "v": 4.565332742624892, "t": 820}
Published: {"bn": "greenhouse_0/sensors/DTH22/Temperature", "n": "Temperature", "v": 16.5902382921059, "t": 820}
Published: {"bn": "greenhouse_0/sensors/DTH22/Humidity", "n": "Humidity", "v": 68.11720249952438, "t": 820}
Published: {"bn": "greenhouse_0/sensors/NPK/NPK", "n": "NPK", "v": 462.449092512055, "t": 820}
Published: {"bn": "greenhouse_0/sensors/SoilMoisture/SoilMoisture", "n": "SoilMoisture", "v": 67.80995502862068, "t": 820}
Published: {"bn": "greenhouse_0/sensors/LightIntensity/LightIntensity", "n": "LightIntensity", "v": 184.22712934638096, "t": 820}
Published: {"bn": "greenhouse_0/sensors/Ph/Ph", "n": "Ph", "v": 5.5323101529544605, "t": 830}
Published: {"bn": "greenhouse_0/sensors/DTH22/Temperature", "n": "Temperature", "v": 23.651996619511557, "t": 830}
Published: {"bn": "greenhouse_0/sensors/DTH22/Humidity", "n": "Humidity", "v": 98.08590289210377, "t": 830}
Published: {"bn": "greenhouse_0/sensors/NPK/NPK", "n": "NPK", "v": 977.4800916988384, "t": 830}
Published: {"bn": "greenhouse_0/sensors/SoilMoisture/SoilMoisture", "n": "SoilMoisture", "v": 86.03943949530805, "t": 830}
Published: {"bn": "greenhouse_0/sensors/LightIntensity/LightIntensity", "n": "LightIntensity", "v": 645.2785761279887, "t": 830}
Published: {"bn": "greenhouse_0/sensors/Ph/Ph", "n": "Ph", "v": 3.6898809761064317, "t": 840}
Published: {"bn": "greenhouse_0/sensors/DTH22/Temperature", "n": "Temperature", "v": 25.27301296336831, "t": 840}
Published: {"bn": "greenhouse_0/sensors/DTH22/Humidity", "n": "Humidity", "v": 88.33562056717989, "t": 840}
Published: {"bn": "greenhouse_0/sensors/NPK/NPK", "n": "NPK", "v": 828.552289480985, "t": 840}
Published: {"bn": "greenhouse_0/sensors/SoilMoisture/SoilMoisture", "n": "SoilMoisture", "v": 35.60131416893844, "t": 840}
Published: {"bn": "greenhouse_0/sensors/LightIntensity/LightIntensity", "n": "LightIntensity", "v": 598.5452628622041, "t": 840}
Published: {"bn": "greenhouse_0/sensors/Ph/Ph", "n": "Ph", "v": 4.861878857026041, "t": 850}
Published: {"bn": "greenhouse_0/sensors/DTH22/Temperature", "n": "Temperature", "v": 26.079775495440565, "t": 850}
Published: {"bn": "greenhouse_0/sensors/DTH22/Humidity", "n": "Humidity", "v": 92.7466314183435, "t": 850}
Published: {"bn": "greenhouse_0/sensors/NPK/NPK", "n": "NPK", "v": 384.4622159262815, "t": 850}
Published: {"bn": "greenhouse_0/sensors/SoilMoisture/SoilMoisture", "n": "SoilMoisture", "v": 3.1453323003316935, "t": 850}
Published: {"bn": "greenhouse_0/sensors/LightIntensity/LightIntensity", "n": "LightIntensity", "v": 565.359503631792, "t": 850}
