Received message on greenhouse_1/sensors/DTH22/Temperature: {'bn': 'greenhouse_1/sensors/DTH22/Temperature', 'n': 'temperature', 'u': 'Cel', 'v': 32.2040524781374, 't': 10}
Temperature is high: 32.2040524781374
Received message on greenhouse_1/sensors/LightIntensity: {'bn': 'greenhouse_1/sensors/LightIntensity', 'n': 'light_intensity', 'u': 'lux', 'v': 163.22471365441916, 't': 10}
Light intensity is high: 163.22471365441916
Received message on greenhouse_1/schedules/lighting: {'bn': 'greenhouse_1/schedules/lighting', 'e': [{'n': 'start_date', 'u': 'date', 'v': '2024-12-10'}, {'n': 'end_date', 'u': 'date', 'v': None}, {'n': 'start_time', 'u': 'time', 'v': '18:00:00'}, {'n': 'end_time', 'u': 'time', 'v': '20:00:00'}, {'n': 'recurrence', 'u': 'text', 'v': 'daily'}]}
Received lighting schedule: [{'n': 'start_date', 'u': 'date', 'v': '2024-12-10'}, {'n': 'end_date', 'u': 'date', 'v': None}, {'n': 'start_time', 'u': 'time', 'v': '18:00:00'}, {'n': 'end_time', 'u': 'time', 'v': '20:00:00'}, {'n': 'recurrence', 'u': 'text', 'v': 'daily'}]
Received message on greenhouse_1/sensors/DTH22/Temperature: {'bn': 'greenhouse_1/sensors/DTH22/Temperature', 'n': 'temperature', 'u': 'Cel', 'v': 24.467228951121648, 't': 20}
Temperature is high: 24.467228951121648
Received message on greenhouse_1/sensors/LightIntensity: {'bn': 'greenhouse_1/sensors/LightIntensity', 'n': 'light_intensity', 'u': 'lux', 'v': 205.2105797360403, 't': 20}
Light intensity is high: 205.2105797360403
Received message on greenhouse_1/sensors/DTH22/Temperature: {'bn': 'greenhouse_1/sensors/DTH22/Temperature', 'n': 'temperature', 'u': 'Cel', 'v': 16.06026735371108, 't': 30}
Temperature is low: 16.06026735371108
Received message on greenhouse_1/sensors/LightIntensity: {'bn': 'greenhouse_1/sensors/LightIntensity', 'n': 'light_intensity', 'u': 'lux', 'v': 924.990379714852, 't': 30}
Light intensity is high: 924.990379714852
Received message on greenhouse_1/sensors/DTH22/Temperature: {'bn': 'greenhouse_1/sensors/DTH22/Temperature', 'n': 'temperature', 'u': 'Cel', 'v': 18.132212251500356, 't': 40}
Temperature is low: 18.132212251500356
Received message on greenhouse_1/sensors/LightIntensity: {'bn': 'greenhouse_1/sensors/LightIntensity', 'n': 'light_intensity', 'u': 'lux', 'v': 318.2326163973422, 't': 40}
Light intensity is high: 318.2326163973422
Received message on greenhouse_1/sensors/DTH22/Temperature: {'bn': 'greenhouse_1/sensors/DTH22/Temperature', 'n': 'temperature', 'u': 'Cel', 'v': 17.83498754838025, 't': 50}
Temperature is low: 17.83498754838025
Received message on greenhouse_1/sensors/LightIntensity: {'bn': 'greenhouse_1/sensors/LightIntensity', 'n': 'light_intensity', 'u': 'lux', 'v': 986.5427067554576, 't': 50}
Light intensity is high: 986.5427067554576
