Received 3 sensors: [{'sensor_id': 1, 'greenhouse_id': 0, 'plant_id': 0, 'type': 'NPK', 'thing_speak_channel_id': 2, 'name': 'NPK', 'unit': 'mg/L'}, {'sensor_id': 2, 'greenhouse_id': 0, 'plant_id': 0, 'type': 'SoilMoisture', 'thing_speak_channel_id': 3, 'name': 'SoilMoisture', 'unit': '%'}, {'sensor_id': 3, 'greenhouse_id': 0, 'plant_id': 0, 'type': 'pH', 'thing_speak_channel_id': 4, 'name': 'pH', 'unit': None}]
NPK is high: 163.24929572317015
Received: {'bn': 'greenhouse_0/plant_0/NPK/NPK', 'n': 'NPK', 'v': 163.24929572317015, 't': 0}
Received: {'bn': 'greenhouse_0/plant_0/SoilMoisture/SoilMoisture', 'n': 'SoilMoisture', 'v': 30.376965636494013, 't': 0}
Received: {'bn': 'greenhouse_0/plant_0/pH/pH', 'n': 'pH', 'v': 4.897907847226806, 't': 0}
NPK is high: 978.0874993048934
Received: {'bn': 'greenhouse_0/plant_0/NPK/NPK', 'n': 'NPK', 'v': 978.0874993048934, 't': 60}
Received: {'bn': 'greenhouse_0/plant_0/SoilMoisture/SoilMoisture', 'n': 'SoilMoisture', 'v': 4.537910607526408, 't': 60}
Received: {'bn': 'greenhouse_0/plant_0/pH/pH', 'n': 'pH', 'v': 3.345370992899707, 't': 60}
NPK is high: 749.9683730887153
Received: {'bn': 'greenhouse_0/plant_0/NPK/NPK', 'n': 'NPK', 'v': 749.9683730887153, 't': 120}
Received: {'bn': 'greenhouse_0/plant_0/SoilMoisture/SoilMoisture', 'n': 'SoilMoisture', 'v': 70.46262837693226, 't': 120}
Received: {'bn': 'greenhouse_0/plant_0/pH/pH', 'n': 'pH', 'v': 8.525778929965927, 't': 120}
Received 3 sensors: [{'sensor_id': 1, 'greenhouse_id': 0, 'plant_id': 0, 'type': 'NPK', 'thing_speak_channel_id': 2, 'name': 'NPK', 'unit': 'mg/L'}, {'sensor_id': 2, 'greenhouse_id': 0, 'plant_id': 0, 'type': 'SoilMoisture', 'thing_speak_channel_id': 3, 'name': 'SoilMoisture', 'unit': '%'}, {'sensor_id': 3, 'greenhouse_id': 0, 'plant_id': 0, 'type': 'pH', 'thing_speak_channel_id': 4, 'name': 'pH', 'unit': None}]
NPK is high: 527.1679745208185
Received: {'bn': 'greenhouse_0/plant_0/NPK/NPK', 'n': 'NPK', 'v': 527.1679745208185, 't': 180}
Soil moisture is high: 98.79918283420504
Received: {'bn': 'greenhouse_0/plant_0/SoilMoisture/SoilMoisture', 'n': 'SoilMoisture', 'v': 98.79918283420504, 't': 180}
pH is low: 3.3948611218117373
Received: {'bn': 'greenhouse_0/plant_0/pH/pH', 'n': 'pH', 'v': 3.3948611218117373, 't': 180}
