Received 6 sensors: [{'sensor_id': 0, 'greenhouse_id': 0, 'plant_id': None, 'type': 'Temperature', 'name': 'DTH22', 'unit': 'Cel', 'threshold': {'max': 30.0, 'min': 15.0}, 'thing_speak_channel_id': None}, {'sensor_id': 5, 'greenhouse_id': 0, 'plant_id': None, 'type': 'Humidity', 'name': 'DTH22', 'unit': '%', 'threshold': {'max': 70.0, 'min': 40.0}, 'thing_speak_channel_id': None}, {'sensor_id': 2, 'greenhouse_id': 0, 'plant_id': 0, 'type': 'SoilMoisture', 'name': 'SoilMoisture', 'unit': '%', 'threshold': {'max': 60.0, 'min': 20.0}, 'thing_speak_channel_id': None}, {'sensor_id': 4, 'greenhouse_id': 0, 'plant_id': None, 'type': 'LightIntensity', 'name': 'LightIntensity', 'unit': 'Lux', 'threshold': {'max': 10000.0, 'min': 1000.0}, 'thing_speak_channel_id': None}, {'sensor_id': 3, 'greenhouse_id': 0, 'plant_id': 0, 'type': 'pH', 'name': 'pH', 'unit': None, 'threshold': {'max': 7.5, 'min': 5.5}, 'thing_speak_channel_id': None}, {'sensor_id': 1, 'greenhouse_id': 0, 'plant_id': 0, 'type': 'NPK', 'name': 'NPK', 'unit': 'mg/L', 'threshold': {'K': {'max': 800.0, 'min': 200.0}, 'N': {'max': 800.0, 'min': 200.0}, 'P': {'max': 800.0, 'min': 200.0}}, 'thing_speak_channel_id': None}]
Missing values for Temperature in greenhouse_0
Received: {'bn': 'greenhouse_0/plant_ALL/DTH22/Temperature', 'n': 'Temperature', 'v': 21.653982109943172, 't': 0}
Missing values for Humidity in greenhouse_0
Received: {'bn': 'greenhouse_0/plant_ALL/DTH22/Humidity', 'n': 'Humidity', 'v': 36.08434339161046, 't': 0}
Missing values for SoilMoisture in plant_0_0
Received: {'bn': 'greenhouse_0/plant_0/SoilMoisture/SoilMoisture', 'n': 'SoilMoisture', 'v': 49.41011060518548, 't': 0}
Successfully updated ThingSpeak channel 2794826 with payload: {'api_key': 'DIOMNEBEJT9EW5PQ', 'field1': 21.653982109943172, 'field2': 36.08434339161046, 'field3': 502.74583193137556}
Received: {'bn': 'greenhouse_0/plant_ALL/LightIntensity/LightIntensity', 'n': 'LightIntensity', 'v': 502.74583193137556, 't': 0}
Missing values for pH in plant_0_0
Received: {'bn': 'greenhouse_0/plant_0/pH/pH', 'n': 'pH', 'v': 6.952403981877048, 't': 0}
Successfully updated ThingSpeak channel 2794836 with payload: {'api_key': 'YO4BG26YPBCFX427', 'field1': 496.7094741182942, 'field2': 500.55401060289, 'field3': 502.36337544838483, 'field4': 49.41011060518548, 'field5': 6.952403981877048}
Received: {'bn': 'greenhouse_0/plant_0/NPK/NPK', 'n': 'NPK', 'v': {'N': 496.7094741182942, 'P': 500.55401060289, 'K': 502.36337544838483}, 't': 0}
Missing values for Temperature in greenhouse_0
Received: {'bn': 'greenhouse_0/plant_ALL/DTH22/Temperature', 'n': 'Temperature', 'v': 22.6677612424393, 't': 60}
Missing values for Humidity in greenhouse_0
Received: {'bn': 'greenhouse_0/plant_ALL/DTH22/Humidity', 'n': 'Humidity', 'v': 53.92582485146819, 't': 60}
Missing values for SoilMoisture in plant_0_0
Received: {'bn': 'greenhouse_0/plant_0/SoilMoisture/SoilMoisture', 'n': 'SoilMoisture', 'v': 48.918088031148784, 't': 60}
Successfully updated ThingSpeak channel 2794826 with payload: {'api_key': 'DIOMNEBEJT9EW5PQ', 'field1': 22.6677612424393, 'field2': 53.92582485146819, 'field3': 502.210812708585}
Received: {'bn': 'greenhouse_0/plant_ALL/LightIntensity/LightIntensity', 'n': 'LightIntensity', 'v': 502.210812708585, 't': 60}
Missing values for pH in plant_0_0
Received: {'bn': 'greenhouse_0/plant_0/pH/pH', 'n': 'pH', 'v': 6.867223785567015, 't': 60}
Successfully updated ThingSpeak channel 2794836 with payload: {'api_key': 'YO4BG26YPBCFX427', 'field1': 493.9151108394593, 'field2': 500.04506469825674, 'field3': 505.49730308777305, 'field4': 48.918088031148784, 'field5': 6.867223785567015}
Received: {'bn': 'greenhouse_0/plant_0/NPK/NPK', 'n': 'NPK', 'v': {'N': 493.9151108394593, 'P': 500.04506469825674, 'K': 505.49730308777305}, 't': 60}
Missing values for Temperature in greenhouse_0
Received: {'bn': 'greenhouse_0/plant_ALL/DTH22/Temperature', 'n': 'Temperature', 'v': 22.5174530176163, 't': 120}
Missing values for Humidity in greenhouse_0
Received: {'bn': 'greenhouse_0/plant_ALL/DTH22/Humidity', 'n': 'Humidity', 'v': 51.81601020793749, 't': 120}
Missing values for SoilMoisture in plant_0_0
Received: {'bn': 'greenhouse_0/plant_0/SoilMoisture/SoilMoisture', 'n': 'SoilMoisture', 'v': 49.87546503163617, 't': 120}
Successfully updated ThingSpeak channel 2794826 with payload: {'api_key': 'DIOMNEBEJT9EW5PQ', 'field1': 22.5174530176163, 'field2': 51.81601020793749, 'field3': 511.3114638788839}
Received: {'bn': 'greenhouse_0/plant_ALL/LightIntensity/LightIntensity', 'n': 'LightIntensity', 'v': 511.3114638788839, 't': 120}
Missing values for pH in plant_0_0
Received: {'bn': 'greenhouse_0/plant_0/pH/pH', 'n': 'pH', 'v': 6.936734297461098, 't': 120}
Successfully updated ThingSpeak channel 2794836 with payload: {'api_key': 'YO4BG26YPBCFX427', 'field1': 495.81888160130154, 'field2': 499.83700758098024, 'field3': 507.74649544373193, 'field4': 49.87546503163617, 'field5': 6.936734297461098}
Received: {'bn': 'greenhouse_0/plant_0/NPK/NPK', 'n': 'NPK', 'v': {'N': 495.81888160130154, 'P': 499.83700758098024, 'K': 507.74649544373193}, 't': 120}
Missing values for Temperature in greenhouse_0
Received: {'bn': 'greenhouse_0/plant_ALL/DTH22/Temperature', 'n': 'Temperature', 'v': 22.95039713034098, 't': 180}
Missing values for Humidity in greenhouse_0
Received: {'bn': 'greenhouse_0/plant_ALL/DTH22/Humidity', 'n': 'Humidity', 'v': 60.67417249427594, 't': 180}
Missing values for SoilMoisture in plant_0_0
Received: {'bn': 'greenhouse_0/plant_0/SoilMoisture/SoilMoisture', 'n': 'SoilMoisture', 'v': 50.28776123233064, 't': 180}
Successfully updated ThingSpeak channel 2794826 with payload: {'api_key': 'DIOMNEBEJT9EW5PQ', 'field1': 22.95039713034098, 'field2': 60.67417249427594, 'field3': 507.41704597153836}
Received: {'bn': 'greenhouse_0/plant_ALL/LightIntensity/LightIntensity', 'n': 'LightIntensity', 'v': 507.41704597153836, 't': 180}
Missing values for pH in plant_0_0
Received: {'bn': 'greenhouse_0/plant_0/pH/pH', 'n': 'pH', 'v': 6.889974601848788, 't': 180}
Successfully updated ThingSpeak channel 2794836 with payload: {'api_key': 'YO4BG26YPBCFX427', 'field1': 500.1353553612946, 'field2': 500.5100760421695, 'field3': 505.36473728081137, 'field4': 50.28776123233064, 'field5': 6.889974601848788}
Received: {'bn': 'greenhouse_0/plant_0/NPK/NPK', 'n': 'NPK', 'v': {'N': 500.1353553612946, 'P': 500.5100760421695, 'K': 505.36473728081137}, 't': 180}
Missing values for Temperature in greenhouse_0
Received: {'bn': 'greenhouse_0/plant_ALL/DTH22/Temperature', 'n': 'Temperature', 'v': 21.91370670686264, 't': 240}
Missing values for Humidity in greenhouse_0
Received: {'bn': 'greenhouse_0/plant_ALL/DTH22/Humidity', 'n': 'Humidity', 'v': 16.54909156946833, 't': 240}
Missing values for SoilMoisture in plant_0_0
Received: {'bn': 'greenhouse_0/plant_0/SoilMoisture/SoilMoisture', 'n': 'SoilMoisture', 'v': 49.630266620023484, 't': 240}
Successfully updated ThingSpeak channel 2794826 with payload: {'api_key': 'DIOMNEBEJT9EW5PQ', 'field1': 21.91370670686264, 'field2': 16.54909156946833, 'field3': 511.4467045010909}
Received: {'bn': 'greenhouse_0/plant_ALL/LightIntensity/LightIntensity', 'n': 'LightIntensity', 'v': 511.4467045010909, 't': 240}
Missing values for pH in plant_0_0
Received: {'bn': 'greenhouse_0/plant_0/pH/pH', 'n': 'pH', 'v': 6.848461692378567, 't': 240}
Successfully updated ThingSpeak channel 2794836 with payload: {'api_key': 'YO4BG26YPBCFX427', 'field1': 497.83063635422855, 'field2': 500.66674795930624, 'field3': 501.8522536070526, 'field4': 49.630266620023484, 'field5': 6.848461692378567}
Received: {'bn': 'greenhouse_0/plant_0/NPK/NPK', 'n': 'NPK', 'v': {'N': 497.83063635422855, 'P': 500.66674795930624, 'K': 501.8522536070526}, 't': 240}
