Device id: 185
Received 5 sensors: [{'sensor_id': 32, 'area_id': 44, 'type': 'Temperature', 'name': 'Temperature Sensor', 'unit': '°C', 'threshold': {'max': 50, 'min': 0}, 'domain': {'max': 100, 'min': -50}, 'greenhouse_id': 41}, {'sensor_id': 31, 'area_id': 44, 'type': 'NPK', 'name': 'NPK Sensor', 'unit': 'mg/kg', 'threshold': {'K': {'max': 400, 'min': 100}, 'N': {'max': 300, 'min': 34}, 'P': {'max': 300, 'min': 75}}, 'domain': {'max': 1000, 'min': 0}, 'greenhouse_id': 41}, {'sensor_id': 33, 'area_id': 44, 'type': 'Humidity', 'name': 'Humidity Sensor', 'unit': '%', 'threshold': {'max': 75, 'min': 30}, 'domain': {'max': 100, 'min': 0}, 'greenhouse_id': 41}, {'sensor_id': 34, 'area_id': 43, 'type': 'Temperature', 'name': 'Temperature Sensor', 'unit': '°C', 'threshold': {'max': 50, 'min': -10}, 'domain': {'max': 100, 'min': -50}, 'greenhouse_id': 41}, {'sensor_id': 35, 'area_id': 45, 'type': 'pH', 'name': 'pH Sensor', 'unit': 'pH', 'threshold': {'max': 7.5, 'min': 6.0}, 'domain': {'max': 10.0, 'min': 3.0}, 'greenhouse_id': 41}]

Current time: 2025-09-04 13:13:01.832420
Connected to mosquitto with result code 0
Received 0 events: []
No events scheduled for the greenhouse 41

Current time: 2025-09-04 13:14:01.888208
Received 0 events: []
No events scheduled for the greenhouse 41

Current time: 2025-09-04 13:15:01.968877
Received 0 events: []
No events scheduled for the greenhouse 41

Current time: 2025-09-04 13:16:02.109210
Received 0 events: []
No events scheduled for the greenhouse 41

Current time: 2025-09-04 13:17:02.407938
Received 0 events: []
No events scheduled for the greenhouse 41

Current time: 2025-09-04 13:18:02.470306
Received 0 events: []
No events scheduled for the greenhouse 41

Current time: 2025-09-04 13:19:02.507418
Received 0 events: []
No events scheduled for the greenhouse 41
