[23/Mar/2025:12:14:53] ENGINE Bus STARTING
[23/Mar/2025:12:14:53] ENGINE Started monitor thread 'Autoreloader'.
[23/Mar/2025:12:14:54] ENGINE Serving on http://0.0.0.0:8080
[23/Mar/2025:12:14:54] ENGINE Bus STARTED
[23/Mar/2025:12:18:08] ENGINE Restarting because /Users/thatsnegar/SmartFarming/IoT_AutonomousFarm/catalog/Catalog.py changed.
[23/Mar/2025:12:18:08] ENGINE Stopped thread 'Autoreloader'.
[23/Mar/2025:12:18:08] ENGINE Bus STOPPING
[23/Mar/2025:12:18:08] ENGINE HTTP Server cherrypy._cpwsgi_server.CPWSGIServer(('0.0.0.0', 8080)) shut down
[23/Mar/2025:12:18:08] ENGINE Bus STOPPED
[23/Mar/2025:12:18:08] ENGINE Bus EXITING
[23/Mar/2025:12:18:08] ENGINE Bus EXITED
[23/Mar/2025:12:18:08] ENGINE Waiting for child threads to terminate...
[23/Mar/2025:12:18:08] ENGINE Re-spawning /Library/Frameworks/Python.framework/Versions/3.12/Resources/Python.app/Contents/MacOS/Python Catalog.py
[23/Mar/2025:12:18:10] ENGINE Bus STARTING
[23/Mar/2025:12:18:10] ENGINE Started monitor thread 'Autoreloader'.
[23/Mar/2025:12:18:10] ENGINE Serving on http://0.0.0.0:8080
[23/Mar/2025:12:18:10] ENGINE Bus STARTED
[23/Mar/2025:12:19:51] ENGINE Restarting because /Users/thatsnegar/SmartFarming/IoT_AutonomousFarm/catalog/Catalog.py changed.
[23/Mar/2025:12:19:51] ENGINE Stopped thread 'Autoreloader'.
[23/Mar/2025:12:19:51] ENGINE Bus STOPPING
[23/Mar/2025:12:19:51] ENGINE HTTP Server cherrypy._cpwsgi_server.CPWSGIServer(('0.0.0.0', 8080)) shut down
[23/Mar/2025:12:19:51] ENGINE Bus STOPPED
[23/Mar/2025:12:19:51] ENGINE Bus EXITING
[23/Mar/2025:12:19:51] ENGINE Bus EXITED
[23/Mar/2025:12:19:51] ENGINE Waiting for child threads to terminate...
[23/Mar/2025:12:19:51] ENGINE Re-spawning /Library/Frameworks/Python.framework/Versions/3.12/Resources/Python.app/Contents/MacOS/Python Catalog.py
