Received device information: {'device_id': 4, 'greenhouse_id': 0, 'name': 'DataAnalysis', 'type': 'Microservices', 'params': {'N': 10}}
Received 6 sensors: [{'sensor_id': 0, 'greenhouse_id': 0, 'plant_id': None, 'type': 'Temperature', 'name': 'DTH22', 'unit': 'Cel', 'threshold': {'max': 30.0, 'min': 15.0}, 'thing_speak_channel_id': None}, {'sensor_id': 5, 'greenhouse_id': 0, 'plant_id': None, 'type': 'Humidity', 'name': 'DTH22', 'unit': '%', 'threshold': {'max': 70.0, 'min': 40.0}, 'thing_speak_channel_id': None}, {'sensor_id': 2, 'greenhouse_id': 0, 'plant_id': 0, 'type': 'SoilMoisture', 'name': 'SoilMoisture', 'unit': '%', 'threshold': {'max': 60.0, 'min': 20.0}, 'thing_speak_channel_id': None}, {'sensor_id': 4, 'greenhouse_id': 0, 'plant_id': None, 'type': 'LightIntensity', 'name': 'LightIntensity', 'unit': 'Lux', 'threshold': {'max': 10000.0, 'min': 1000.0}, 'thing_speak_channel_id': None}, {'sensor_id': 3, 'greenhouse_id': 0, 'plant_id': 0, 'type': 'pH', 'name': 'pH', 'unit': None, 'threshold': {'max': 7.5, 'min': 5.5}, 'thing_speak_channel_id': None}, {'sensor_id': 1, 'greenhouse_id': 0, 'plant_id': 0, 'type': 'NPK', 'name': 'NPK', 'unit': 'mg/L', 'threshold': {'K': {'max': 800.0, 'min': 200.0}, 'N': {'max': 800.0, 'min': 200.0}, 'P': {'max': 800.0, 'min': 200.0}}, 'thing_speak_channel_id': None}]
Mean temperature: 19.39295743612708
Received: {'bn': 'greenhouse_0/plant_ALL/DTH22/Temperature', 'n': 'Temperature', 'v': 19.39295743612708, 't': 0}
Mean humidity: 52.35425527680537
Received: {'bn': 'greenhouse_0/plant_ALL/DTH22/Humidity', 'n': 'Humidity', 'v': 52.35425527680537, 't': 0}
Mean soil moisture: 48.86035846029026
Received: {'bn': 'greenhouse_0/plant_0/SoilMoisture/SoilMoisture', 'n': 'SoilMoisture', 'v': 48.86035846029026, 't': 0}
Mean light intensity: 561.9184752032014
Received: {'bn': 'greenhouse_0/plant_ALL/LightIntensity/LightIntensity', 'n': 'LightIntensity', 'v': 561.9184752032014, 't': 0}
Mean pH: 6.900745059550494
Received: {'bn': 'greenhouse_0/plant_0/pH/pH', 'n': 'pH', 'v': 6.900745059550494, 't': 0}
Mean N: 500.15195014337735
Mean P: 498.4626823574414
Mean K: 498.4041875794928
Received: {'bn': 'greenhouse_0/plant_0/NPK/NPK', 'n': 'NPK', 'v': {'N': 500.15195014337735, 'P': 498.4626823574414, 'K': 498.4041875794928}, 't': 0}
Mean temperature: 20.181777715505277
Received: {'bn': 'greenhouse_0/plant_ALL/DTH22/Temperature', 'n': 'Temperature', 'v': 20.970597994883477, 't': 59}
Mean humidity: 52.93553112259805
Received: {'bn': 'greenhouse_0/plant_ALL/DTH22/Humidity', 'n': 'Humidity', 'v': 53.51680696839074, 't': 59}
Mean soil moisture: 49.76788339382894
Received: {'bn': 'greenhouse_0/plant_0/SoilMoisture/SoilMoisture', 'n': 'SoilMoisture', 'v': 50.67540832736761, 't': 59}
Mean light intensity: 559.6692862604481
Received: {'bn': 'greenhouse_0/plant_ALL/LightIntensity/LightIntensity', 'n': 'LightIntensity', 'v': 557.4200973176947, 't': 59}
Mean pH: 6.984714003931179
Received: {'bn': 'greenhouse_0/plant_0/pH/pH', 'n': 'pH', 'v': 7.068682948311864, 't': 59}
Mean N: 500.3884958360239
Mean P: 498.5905101977645
Mean K: 498.94960337035866
Received: {'bn': 'greenhouse_0/plant_0/NPK/NPK', 'n': 'NPK', 'v': {'N': 500.6250415286704, 'P': 498.71833803808767, 'K': 499.49501916122443}, 't': 59}
Mean temperature: 20.122959296250645
Received: {'bn': 'greenhouse_0/plant_ALL/DTH22/Temperature', 'n': 'Temperature', 'v': 20.005322457741386, 't': 120}
Mean humidity: 54.71121034551978
Received: {'bn': 'greenhouse_0/plant_ALL/DTH22/Humidity', 'n': 'Humidity', 'v': 58.262568791363236, 't': 120}
Mean soil moisture: 50.032695957349326
Received: {'bn': 'greenhouse_0/plant_0/SoilMoisture/SoilMoisture', 'n': 'SoilMoisture', 'v': 50.56232108439012, 't': 120}
Mean light intensity: 560.4669621990382
Received: {'bn': 'greenhouse_0/plant_ALL/LightIntensity/LightIntensity', 'n': 'LightIntensity', 'v': 562.0623140762186, 't': 120}
Mean pH: 6.99886381032546
Received: {'bn': 'greenhouse_0/plant_0/pH/pH', 'n': 'pH', 'v': 7.027163423114024, 't': 120}
Mean N: 500.8015888490134
Mean P: 498.87544930714034
Mean K: 499.3531906439944
Received: {'bn': 'greenhouse_0/plant_0/NPK/NPK', 'n': 'NPK', 'v': {'N': 501.6277748749925, 'P': 499.445327525892, 'K': 500.160365191266}, 't': 120}
