Received 2 sensors: [{'sensor_id': 5, 'greenhouse_id': 0, 'type': 'Humidity', 'name': 'DTH22', 'unit': '%', 'threshold': {'max': 75.0, 'min': 60.0}, 'domain': {'max': 100, 'min': 0}}, {'sensor_id': 2, 'greenhouse_id': 0, 'type': 'SoilMoisture', 'name': 'SoilMoisture', 'unit': '%', 'threshold': {'max': 80.0, 'min': 60.0}, 'domain': {'max': 100, 'min': 0}}]

Received: {'bn': 'greenhouse_0/sensor_5', 'e': {'n': 'Humidity', 'v': 66.53983469047614, 'u': '%', 't': 169}}
Next expected timestamp of sensor_5 (Humidity): 179.0
Next expected value of sensor_5 (Humidity): 65.96666656783785

Received: {'bn': 'greenhouse_0/sensor_2', 'e': {'n': 'SoilMoisture', 'v': 47.98705815263337, 'u': '%', 't': 169}}
Next expected timestamp of sensor_2 (SoilMoisture): 179.0
Next expected value of sensor_2 (SoilMoisture): 48.7277746821105

Received: {'bn': 'greenhouse_0/sensor_5', 'e': {'n': 'Humidity', 'v': 67.09841586444404, 'u': '%', 't': 180}}
Next expected timestamp of sensor_5 (Humidity): 190.11111111111111
Next expected value of sensor_5 (Humidity): 66.62971500502798
The measured value (67.09841586444404 %) and the next prediction (66.62971500502798 %) of Humidity (Humidity) are inside the range [60.0, 75.0]

Received: {'bn': 'greenhouse_0/sensor_2', 'e': {'n': 'SoilMoisture', 'v': 48.68061043965582, 'u': '%', 't': 180}}
Next expected timestamp of sensor_2 (SoilMoisture): 190.11111111111111
Next expected value of sensor_2 (SoilMoisture): 48.62437947247229
WARNING: The measured value 48.68061043965582 % of sensor_2 (SoilMoisture) went outside the range [60.0, 80.0]
Mean value of sensor_2 (SoilMoisture): 49.31409728020578
WARNING: Action needed for sensor_2 (SoilMoisture)

Received: {'bn': 'greenhouse_0/sensor_5', 'e': {'n': 'Humidity', 'v': 64.71942582069813, 'u': '%', 't': 189}}
Next expected timestamp of sensor_5 (Humidity): 198.88888888888889
Next expected value of sensor_5 (Humidity): 66.04281344970609
The measured value (64.71942582069813 %) and the next prediction (66.04281344970609 %) of Humidity (Humidity) are inside the range [60.0, 75.0]

Received: {'bn': 'greenhouse_0/sensor_2', 'e': {'n': 'SoilMoisture', 'v': 48.02974642892373, 'u': '%', 't': 189}}
Next expected timestamp of sensor_2 (SoilMoisture): 198.88888888888889
Next expected value of sensor_2 (SoilMoisture): 47.70996445858231
WARNING: The measured value 48.02974642892373 % of sensor_2 (SoilMoisture) went outside the range [60.0, 80.0]
Mean value of sensor_2 (SoilMoisture): 49.034614380609575
WARNING: Action needed for sensor_2 (SoilMoisture)

Received: {'bn': 'greenhouse_0/sensor_5', 'e': {'n': 'Humidity', 'v': 68.15353588743078, 'u': '%', 't': 199}}
Next expected timestamp of sensor_5 (Humidity): 209.0
Next expected value of sensor_5 (Humidity): 67.87640389715865
The measured value (68.15353588743078 %) and the next prediction (67.87640389715865 %) of Humidity (Humidity) are inside the range [60.0, 75.0]

Received: {'bn': 'greenhouse_0/sensor_2', 'e': {'n': 'SoilMoisture', 'v': 50.8903860062469, 'u': '%', 't': 199}}
Next expected timestamp of sensor_2 (SoilMoisture): 209.0
Next expected value of sensor_2 (SoilMoisture): 48.665297339124905
WARNING: The measured value 50.8903860062469 % of sensor_2 (SoilMoisture) went outside the range [60.0, 80.0]
Mean value of sensor_2 (SoilMoisture): 49.281673947040524
WARNING: Action needed for sensor_2 (SoilMoisture)

Received: {'bn': 'greenhouse_0/sensor_5', 'e': {'n': 'Humidity', 'v': 65.90268893960916, 'u': '%', 't': 210}}
Next expected timestamp of sensor_5 (Humidity): 220.11111111111111
Next expected value of sensor_5 (Humidity): 67.33274090451249
The measured value (65.90268893960916 %) and the next prediction (67.33274090451249 %) of Humidity (Humidity) are inside the range [60.0, 75.0]

Received: {'bn': 'greenhouse_0/sensor_2', 'e': {'n': 'SoilMoisture', 'v': 50.30009361750294, 'u': '%', 't': 210}}
Next expected timestamp of sensor_2 (SoilMoisture): 220.11111111111111
Next expected value of sensor_2 (SoilMoisture): 49.243129090594145
WARNING: The measured value 50.30009361750294 % of sensor_2 (SoilMoisture) went outside the range [60.0, 80.0]
Mean value of sensor_2 (SoilMoisture): 49.425465476759896
WARNING: Action needed for sensor_2 (SoilMoisture)

Received: {'bn': 'greenhouse_0/sensor_5', 'e': {'n': 'Humidity', 'v': 65.74240274480645, 'u': '%', 't': 219}}
Next expected timestamp of sensor_5 (Humidity): 228.88888888888889
Next expected value of sensor_5 (Humidity): 66.86957940016342
The measured value (65.74240274480645 %) and the next prediction (66.86957940016342 %) of Humidity (Humidity) are inside the range [60.0, 75.0]

Received: {'bn': 'greenhouse_0/sensor_2', 'e': {'n': 'SoilMoisture', 'v': 48.67697467485805, 'u': '%', 't': 219}}
Next expected timestamp of sensor_2 (SoilMoisture): 228.88888888888889
Next expected value of sensor_2 (SoilMoisture): 49.50478913842967
WARNING: The measured value 48.67697467485805 % of sensor_2 (SoilMoisture) went outside the range [60.0, 80.0]
