Received 2 sensors: [{'sensor_id': 0, 'greenhouse_id': 0, 'type': 'Temperature', 'name': 'DTH22', 'unit': 'Cel', 'threshold': {'max': 26.0, 'min': 18.0}, 'domain': {'max': 50, 'min': -10}}, {'sensor_id': 4, 'greenhouse_id': 0, 'type': 'LightIntensity', 'name': 'PAR', 'unit': 'umol/m^2/s', 'threshold': {'max': 600.0, 'min': 400.0}, 'domain': {'max': 2500, 'min': 0}}]
Subscribed to greenhouse_0/sensor_0
Subscribed to greenhouse_0/sensor_4
Connected to mqtt.eclipseprojects.io with result code 0

Received: {'bn': 'greenhouse_0/sensor_0', 'e': {'n': 'Temperature', 'v': 22.338617220366242, 'u': 'Cel', 't': 4341}}
Next expected timestamp of sensor_0 (Temperature): 4361.0
Published to greenhouse_0/info/device_2: {"message": "Next expected timestamp of sensor_0 (Temperature): 4361.0", "timestamp": 4341}
Next expected value of sensor_0 (Temperature): 21.324581887468415
Published to greenhouse_0/info/device_2: {"message": "Next expected value of sensor_0 (Temperature): 21.324581887468415", "timestamp": 4341}
Wait to see another value to start the decision making for sensor_0 (Temperature)

Received: {'bn': 'greenhouse_0/sensor_4', 'e': {'n': 'LightIntensity', 'v': 565.5884489827453, 'u': 'umol/m^2/s', 't': 4341}}
Next expected timestamp of sensor_4 (LightIntensity): 4361.0
Published to greenhouse_0/info/device_2: {"message": "Next expected timestamp of sensor_4 (LightIntensity): 4361.0", "timestamp": 4341}
Next expected value of sensor_4 (LightIntensity): 564.0059021356756
Published to greenhouse_0/info/device_2: {"message": "Next expected value of sensor_4 (LightIntensity): 564.0059021356756", "timestamp": 4341}
Wait to see another value to start the decision making for sensor_4 (LightIntensity)

Received: {'bn': 'greenhouse_0/sensor_0', 'e': {'n': 'Temperature', 'v': 21.68143474502277, 'u': 'Cel', 't': 4360}}
Next expected timestamp of sensor_0 (Temperature): 4379.888888888889
Published to greenhouse_0/info/device_2: {"message": "Next expected timestamp of sensor_0 (Temperature): 4379.888888888889", "timestamp": 4360}
Next expected value of sensor_0 (Temperature): 21.59170832773511
Published to greenhouse_0/info/device_2: {"message": "Next expected value of sensor_0 (Temperature): 21.59170832773511", "timestamp": 4360}
The measured value (21.68143474502277 Cel) and the next prediction (21.59170832773511 Cel) of Temperature (Temperature) are inside the range [18.0, 26.0]
Published to greenhouse_0/info/device_2: {"message": "The measured value (21.68143474502277 Cel) and the next prediction (21.59170832773511 Cel) of Temperature (Temperature) are inside the range [18.0, 26.0]", "timestamp": 4360}

Received: {'bn': 'greenhouse_0/sensor_4', 'e': {'n': 'LightIntensity', 'v': 570.2296052767341, 'u': 'umol/m^2/s', 't': 4360}}
Next expected timestamp of sensor_4 (LightIntensity): 4379.888888888889
Published to greenhouse_0/info/device_2: {"message": "Next expected timestamp of sensor_4 (LightIntensity): 4379.888888888889", "timestamp": 4360}
Next expected value of sensor_4 (LightIntensity): 566.2253891949811
Published to greenhouse_0/info/device_2: {"message": "Next expected value of sensor_4 (LightIntensity): 566.2253891949811", "timestamp": 4360}
WARNING: The measured value 570.2296052767341 umol/m^2/s of sensor_4 (LightIntensity) is unexpected. (Expected value: 566.2253891949811 umol/m^2/s)	Waiting for the next value
Published to greenhouse_0/alert/device_2: {"message": "WARNING: The measured value 570.2296052767341 umol/m^2/s of sensor_4 (LightIntensity) is unexpected. (Expected value: 566.2253891949811 umol/m^2/s)\tWaiting for the next value", "timestamp": 4360}

Received: {'bn': 'greenhouse_0/sensor_0', 'e': {'n': 'Temperature', 'v': 21.89138035300714, 'u': 'Cel', 't': 4380}}
Next expected timestamp of sensor_0 (Temperature): 4400.0
Published to greenhouse_0/info/device_2: {"message": "Next expected timestamp of sensor_0 (Temperature): 4400.0", "timestamp": 4380}
Next expected value of sensor_0 (Temperature): 22.000279738285915
Published to greenhouse_0/info/device_2: {"message": "Next expected value of sensor_0 (Temperature): 22.000279738285915", "timestamp": 4380}
The measured value (21.89138035300714 Cel) and the next prediction (22.000279738285915 Cel) of Temperature (Temperature) are inside the range [18.0, 26.0]
Published to greenhouse_0/info/device_2: {"message": "The measured value (21.89138035300714 Cel) and the next prediction (22.000279738285915 Cel) of Temperature (Temperature) are inside the range [18.0, 26.0]", "timestamp": 4380}

Received: {'bn': 'greenhouse_0/sensor_4', 'e': {'n': 'LightIntensity', 'v': 561.2992666123193, 'u': 'umol/m^2/s', 't': 4380}}
Next expected timestamp of sensor_4 (LightIntensity): 4400.0
Published to greenhouse_0/info/device_2: {"message": "Next expected timestamp of sensor_4 (LightIntensity): 4400.0", "timestamp": 4380}
Next expected value of sensor_4 (LightIntensity): 564.8708456577374
Published to greenhouse_0/info/device_2: {"message": "Next expected value of sensor_4 (LightIntensity): 564.8708456577374", "timestamp": 4380}
The measured value (561.2992666123193 umol/m^2/s) and the next prediction (564.8708456577374 umol/m^2/s) of LightIntensity (LightIntensity) are inside the range [400.0, 600.0]
Published to greenhouse_0/info/device_2: {"message": "The measured value (561.2992666123193 umol/m^2/s) and the next prediction (564.8708456577374 umol/m^2/s) of LightIntensity (LightIntensity) are inside the range [400.0, 600.0]", "timestamp": 4380}

Received: {'bn': 'greenhouse_0/sensor_0', 'e': {'n': 'Temperature', 'v': 22.346768535153974, 'u': 'Cel', 't': 4401}}
Next expected timestamp of sensor_0 (Temperature): 4421.111111111111
Published to greenhouse_0/info/device_2: {"message": "Next expected timestamp of sensor_0 (Temperature): 4421.111111111111", "timestamp": 4401}
Next expected value of sensor_0 (Temperature): 22.291263059460125
Published to greenhouse_0/info/device_2: {"message": "Next expected value of sensor_0 (Temperature): 22.291263059460125", "timestamp": 4401}
The measured value (22.346768535153974 Cel) and the next prediction (22.291263059460125 Cel) of Temperature (Temperature) are inside the range [18.0, 26.0]
Published to greenhouse_0/info/device_2: {"message": "The measured value (22.346768535153974 Cel) and the next prediction (22.291263059460125 Cel) of Temperature (Temperature) are inside the range [18.0, 26.0]", "timestamp": 4401}

Received: {'bn': 'greenhouse_0/sensor_4', 'e': {'n': 'LightIntensity', 'v': 569.4394160090615, 'u': 'umol/m^2/s', 't': 4401}}
Next expected timestamp of sensor_4 (LightIntensity): 4421.111111111111
Published to greenhouse_0/info/device_2: {"message": "Next expected timestamp of sensor_4 (LightIntensity): 4421.111111111111", "timestamp": 4401}
Next expected value of sensor_4 (LightIntensity): 565.5982215925435
Published to greenhouse_0/info/device_2: {"message": "Next expected value of sensor_4 (LightIntensity): 565.5982215925435", "timestamp": 4401}
The measured value (569.4394160090615 umol/m^2/s) and the next prediction (565.5982215925435 umol/m^2/s) of LightIntensity (LightIntensity) are inside the range [400.0, 600.0]
Published to greenhouse_0/info/device_2: {"message": "The measured value (569.4394160090615 umol/m^2/s) and the next prediction (565.5982215925435 umol/m^2/s) of LightIntensity (LightIntensity) are inside the range [400.0, 600.0]", "timestamp": 4401}

Received: {'bn': 'greenhouse_0/sensor_0', 'e': {'n': 'Temperature', 'v': 20.742247309869292, 'u': 'Cel', 't': 4421}}
Next expected timestamp of sensor_0 (Temperature): 4441.0
Published to greenhouse_0/info/device_2: {"message": "Next expected timestamp of sensor_0 (Temperature): 4441.0", "timestamp": 4421}
Next expected value of sensor_0 (Temperature): 21.720255175040233
Published to greenhouse_0/info/device_2: {"message": "Next expected value of sensor_0 (Temperature): 21.720255175040233", "timestamp": 4421}
The measured value (20.742247309869292 Cel) and the next prediction (21.720255175040233 Cel) of Temperature (Temperature) are inside the range [18.0, 26.0]
Published to greenhouse_0/info/device_2: {"message": "The measured value (20.742247309869292 Cel) and the next prediction (21.720255175040233 Cel) of Temperature (Temperature) are inside the range [18.0, 26.0]", "timestamp": 4421}

Received: {'bn': 'greenhouse_0/sensor_4', 'e': {'n': 'LightIntensity', 'v': 568.5133636723644, 'u': 'umol/m^2/s', 't': 4421}}
Next expected timestamp of sensor_4 (LightIntensity): 4441.0
Published to greenhouse_0/info/device_2: {"message": "Next expected timestamp of sensor_4 (LightIntensity): 4441.0", "timestamp": 4421}
Next expected value of sensor_4 (LightIntensity): 566.1513589436661
Published to greenhouse_0/info/device_2: {"message": "Next expected value of sensor_4 (LightIntensity): 566.1513589436661", "timestamp": 4421}
The measured value (568.5133636723644 umol/m^2/s) and the next prediction (566.1513589436661 umol/m^2/s) of LightIntensity (LightIntensity) are inside the range [400.0, 600.0]
Published to greenhouse_0/info/device_2: {"message": "The measured value (568.5133636723644 umol/m^2/s) and the next prediction (566.1513589436661 umol/m^2/s) of LightIntensity (LightIntensity) are inside the range [400.0, 600.0]", "timestamp": 4421}

Received: {'bn': 'greenhouse_0/sensor_0', 'e': {'n': 'Temperature', 'v': 20.732048993869466, 'u': 'Cel', 't': 4440}}
Next expected timestamp of sensor_0 (Temperature): 4459.888888888889
Published to greenhouse_0/info/device_2: {"message": "Next expected timestamp of sensor_0 (Temperature): 4459.888888888889", "timestamp": 4440}
Next expected value of sensor_0 (Temperature): 21.228212258770576
Published to greenhouse_0/info/device_2: {"message": "Next expected value of sensor_0 (Temperature): 21.228212258770576", "timestamp": 4440}
The measured value (20.732048993869466 Cel) and the next prediction (21.228212258770576 Cel) of Temperature (Temperature) are inside the range [18.0, 26.0]
Published to greenhouse_0/info/device_2: {"message": "The measured value (20.732048993869466 Cel) and the next prediction (21.228212258770576 Cel) of Temperature (Temperature) are inside the range [18.0, 26.0]", "timestamp": 4440}

Received: {'bn': 'greenhouse_0/sensor_4', 'e': {'n': 'LightIntensity', 'v': 560.4163678500558, 'u': 'umol/m^2/s', 't': 4440}}
Next expected timestamp of sensor_4 (LightIntensity): 4459.888888888889
Published to greenhouse_0/info/device_2: {"message": "Next expected timestamp of sensor_4 (LightIntensity): 4459.888888888889", "timestamp": 4440}
Next expected value of sensor_4 (LightIntensity): 564.4470106656663
Published to greenhouse_0/info/device_2: {"message": "Next expected value of sensor_4 (LightIntensity): 564.4470106656663", "timestamp": 4440}
WARNING: The measured value 560.4163678500558 umol/m^2/s of sensor_4 (LightIntensity) is unexpected. (Expected value: 564.4470106656663 umol/m^2/s)	Waiting for the next value
Published to greenhouse_0/alert/device_2: {"message": "WARNING: The measured value 560.4163678500558 umol/m^2/s of sensor_4 (LightIntensity) is unexpected. (Expected value: 564.4470106656663 umol/m^2/s)\tWaiting for the next value", "timestamp": 4440}

Received: {'bn': 'greenhouse_0/sensor_0', 'e': {'n': 'Temperature', 'v': 22.258167719285186, 'u': 'Cel', 't': 4460}}
Next expected timestamp of sensor_0 (Temperature): 4480.0
Published to greenhouse_0/info/device_2: {"message": "Next expected timestamp of sensor_0 (Temperature): 4480.0", "timestamp": 4460}
Next expected value of sensor_0 (Temperature): 21.586494370307662
Published to greenhouse_0/info/device_2: {"message": "Next expected value of sensor_0 (Temperature): 21.586494370307662", "timestamp": 4460}
The measured value (22.258167719285186 Cel) and the next prediction (21.586494370307662 Cel) of Temperature (Temperature) are inside the range [18.0, 26.0]
Published to greenhouse_0/info/device_2: {"message": "The measured value (22.258167719285186 Cel) and the next prediction (21.586494370307662 Cel) of Temperature (Temperature) are inside the range [18.0, 26.0]", "timestamp": 4460}

Received: {'bn': 'greenhouse_0/sensor_4', 'e': {'n': 'LightIntensity', 'v': 560.6241567456203, 'u': 'umol/m^2/s', 't': 4460}}
Next expected timestamp of sensor_4 (LightIntensity): 4480.0
Published to greenhouse_0/info/device_2: {"message": "Next expected timestamp of sensor_4 (LightIntensity): 4480.0", "timestamp": 4460}
Next expected value of sensor_4 (LightIntensity): 563.5590964761188
Published to greenhouse_0/info/device_2: {"message": "Next expected value of sensor_4 (LightIntensity): 563.5590964761188", "timestamp": 4460}
The measured value (560.6241567456203 umol/m^2/s) and the next prediction (563.5590964761188 umol/m^2/s) of LightIntensity (LightIntensity) are inside the range [400.0, 600.0]
Published to greenhouse_0/info/device_2: {"message": "The measured value (560.6241567456203 umol/m^2/s) and the next prediction (563.5590964761188 umol/m^2/s) of LightIntensity (LightIntensity) are inside the range [400.0, 600.0]", "timestamp": 4460}

Received: {'bn': 'greenhouse_0/sensor_0', 'e': {'n': 'Temperature', 'v': 20.943015931846908, 'u': 'Cel', 't': 4481}}
Next expected timestamp of sensor_0 (Temperature): 4501.111111111111
Published to greenhouse_0/info/device_2: {"message": "Next expected timestamp of sensor_0 (Temperature): 4501.111111111111", "timestamp": 4481}
Next expected value of sensor_0 (Temperature): 21.393372677845644
Published to greenhouse_0/info/device_2: {"message": "Next expected value of sensor_0 (Temperature): 21.393372677845644", "timestamp": 4481}
The measured value (20.943015931846908 Cel) and the next prediction (21.393372677845644 Cel) of Temperature (Temperature) are inside the range [18.0, 26.0]
Published to greenhouse_0/info/device_2: {"message": "The measured value (20.943015931846908 Cel) and the next prediction (21.393372677845644 Cel) of Temperature (Temperature) are inside the range [18.0, 26.0]", "timestamp": 4481}

Received: {'bn': 'greenhouse_0/sensor_4', 'e': {'n': 'LightIntensity', 'v': 561.1234859739837, 'u': 'umol/m^2/s', 't': 4481}}
Next expected timestamp of sensor_4 (LightIntensity): 4501.111111111111
Published to greenhouse_0/info/device_2: {"message": "Next expected timestamp of sensor_4 (LightIntensity): 4501.111111111111", "timestamp": 4481}
Next expected value of sensor_4 (LightIntensity): 561.3071532717014
Published to greenhouse_0/info/device_2: {"message": "Next expected value of sensor_4 (LightIntensity): 561.3071532717014", "timestamp": 4481}
The measured value (561.1234859739837 umol/m^2/s) and the next prediction (561.3071532717014 umol/m^2/s) of LightIntensity (LightIntensity) are inside the range [400.0, 600.0]
Published to greenhouse_0/info/device_2: {"message": "The measured value (561.1234859739837 umol/m^2/s) and the next prediction (561.3071532717014 umol/m^2/s) of LightIntensity (LightIntensity) are inside the range [400.0, 600.0]", "timestamp": 4481}

Received: {'bn': 'greenhouse_0/sensor_0', 'e': {'n': 'Temperature', 'v': 21.889499014921107, 'u': 'Cel', 't': 4501}}
Next expected timestamp of sensor_0 (Temperature): 4521.0
Published to greenhouse_0/info/device_2: {"message": "Next expected timestamp of sensor_0 (Temperature): 4521.0", "timestamp": 4501}
Next expected value of sensor_0 (Temperature): 21.430971870954746
Published to greenhouse_0/info/device_2: {"message": "Next expected value of sensor_0 (Temperature): 21.430971870954746", "timestamp": 4501}
The measured value (21.889499014921107 Cel) and the next prediction (21.430971870954746 Cel) of Temperature (Temperature) are inside the range [18.0, 26.0]
Published to greenhouse_0/info/device_2: {"message": "The measured value (21.889499014921107 Cel) and the next prediction (21.430971870954746 Cel) of Temperature (Temperature) are inside the range [18.0, 26.0]", "timestamp": 4501}

Received: {'bn': 'greenhouse_0/sensor_4', 'e': {'n': 'LightIntensity', 'v': 568.3594312154775, 'u': 'umol/m^2/s', 't': 4501}}
Next expected timestamp of sensor_4 (LightIntensity): 4521.0
Published to greenhouse_0/info/device_2: {"message": "Next expected timestamp of sensor_4 (LightIntensity): 4521.0", "timestamp": 4501}
Next expected value of sensor_4 (LightIntensity): 563.6370632474031
Published to greenhouse_0/info/device_2: {"message": "Next expected value of sensor_4 (LightIntensity): 563.6370632474031", "timestamp": 4501}
WARNING: The measured value 568.3594312154775 umol/m^2/s of sensor_4 (LightIntensity) is unexpected. (Expected value: 563.6370632474031 umol/m^2/s)	Waiting for the next value
Published to greenhouse_0/alert/device_2: {"message": "WARNING: The measured value 568.3594312154775 umol/m^2/s of sensor_4 (LightIntensity) is unexpected. (Expected value: 563.6370632474031 umol/m^2/s)\tWaiting for the next value", "timestamp": 4501}

Received: {'bn': 'greenhouse_0/sensor_0', 'e': {'n': 'Temperature', 'v': 21.394213849906684, 'u': 'Cel', 't': 4520}}
Next expected timestamp of sensor_0 (Temperature): 4539.888888888889
Published to greenhouse_0/info/device_2: {"message": "Next expected timestamp of sensor_0 (Temperature): 4539.888888888889", "timestamp": 4520}
Next expected value of sensor_0 (Temperature): 21.222229614016214
Published to greenhouse_0/info/device_2: {"message": "Next expected value of sensor_0 (Temperature): 21.222229614016214", "timestamp": 4520}
The measured value (21.394213849906684 Cel) and the next prediction (21.222229614016214 Cel) of Temperature (Temperature) are inside the range [18.0, 26.0]
Published to greenhouse_0/info/device_2: {"message": "The measured value (21.394213849906684 Cel) and the next prediction (21.222229614016214 Cel) of Temperature (Temperature) are inside the range [18.0, 26.0]", "timestamp": 4520}

Received: {'bn': 'greenhouse_0/sensor_4', 'e': {'n': 'LightIntensity', 'v': 563.7786908832837, 'u': 'umol/m^2/s', 't': 4520}}
Next expected timestamp of sensor_4 (LightIntensity): 4539.888888888889
Published to greenhouse_0/info/device_2: {"message": "Next expected timestamp of sensor_4 (LightIntensity): 4539.888888888889", "timestamp": 4520}
Next expected value of sensor_4 (LightIntensity): 562.8157134973142
Published to greenhouse_0/info/device_2: {"message": "Next expected value of sensor_4 (LightIntensity): 562.8157134973142", "timestamp": 4520}
The measured value (563.7786908832837 umol/m^2/s) and the next prediction (562.8157134973142 umol/m^2/s) of LightIntensity (LightIntensity) are inside the range [400.0, 600.0]
Published to greenhouse_0/info/device_2: {"message": "The measured value (563.7786908832837 umol/m^2/s) and the next prediction (562.8157134973142 umol/m^2/s) of LightIntensity (LightIntensity) are inside the range [400.0, 600.0]", "timestamp": 4520}

Received: {'bn': 'greenhouse_0/sensor_0', 'e': {'n': 'Temperature', 'v': 21.580111522336573, 'u': 'Cel', 't': 4540}}
Next expected timestamp of sensor_0 (Temperature): 4560.0
Published to greenhouse_0/info/device_2: {"message": "Next expected timestamp of sensor_0 (Temperature): 4560.0", "timestamp": 4540}
Next expected value of sensor_0 (Temperature): 21.393914541917024
Published to greenhouse_0/info/device_2: {"message": "Next expected value of sensor_0 (Temperature): 21.393914541917024", "timestamp": 4540}
The measured value (21.580111522336573 Cel) and the next prediction (21.393914541917024 Cel) of Temperature (Temperature) are inside the range [18.0, 26.0]
Published to greenhouse_0/info/device_2: {"message": "The measured value (21.580111522336573 Cel) and the next prediction (21.393914541917024 Cel) of Temperature (Temperature) are inside the range [18.0, 26.0]", "timestamp": 4540}

Received: {'bn': 'greenhouse_0/sensor_4', 'e': {'n': 'LightIntensity', 'v': 559.9458935868463, 'u': 'umol/m^2/s', 't': 4540}}
Next expected timestamp of sensor_4 (LightIntensity): 4560.0
Published to greenhouse_0/info/device_2: {"message": "Next expected timestamp of sensor_4 (LightIntensity): 4560.0", "timestamp": 4540}
Next expected value of sensor_4 (LightIntensity): 561.0000299443379
Published to greenhouse_0/info/device_2: {"message": "Next expected value of sensor_4 (LightIntensity): 561.0000299443379", "timestamp": 4540}
The measured value (559.9458935868463 umol/m^2/s) and the next prediction (561.0000299443379 umol/m^2/s) of LightIntensity (LightIntensity) are inside the range [400.0, 600.0]
Published to greenhouse_0/info/device_2: {"message": "The measured value (559.9458935868463 umol/m^2/s) and the next prediction (561.0000299443379 umol/m^2/s) of LightIntensity (LightIntensity) are inside the range [400.0, 600.0]", "timestamp": 4540}

Received: {'bn': 'greenhouse_0/sensor_0', 'e': {'n': 'Temperature', 'v': 20.59624128437329, 'u': 'Cel', 't': 4561}}
Next expected timestamp of sensor_0 (Temperature): 4581.111111111111
Published to greenhouse_0/info/device_2: {"message": "Next expected timestamp of sensor_0 (Temperature): 4581.111111111111", "timestamp": 4561}
Next expected value of sensor_0 (Temperature): 21.04638350830334
Published to greenhouse_0/info/device_2: {"message": "Next expected value of sensor_0 (Temperature): 21.04638350830334", "timestamp": 4561}
The measured value (20.59624128437329 Cel) and the next prediction (21.04638350830334 Cel) of Temperature (Temperature) are inside the range [18.0, 26.0]
Published to greenhouse_0/info/device_2: {"message": "The measured value (20.59624128437329 Cel) and the next prediction (21.04638350830334 Cel) of Temperature (Temperature) are inside the range [18.0, 26.0]", "timestamp": 4561}

Received: {'bn': 'greenhouse_0/sensor_4', 'e': {'n': 'LightIntensity', 'v': 563.135156639848, 'u': 'umol/m^2/s', 't': 4561}}
Next expected timestamp of sensor_4 (LightIntensity): 4581.111111111111
Published to greenhouse_0/info/device_2: {"message": "Next expected timestamp of sensor_4 (LightIntensity): 4581.111111111111", "timestamp": 4561}
Next expected value of sensor_4 (LightIntensity): 562.0540163641488
Published to greenhouse_0/info/device_2: {"message": "Next expected value of sensor_4 (LightIntensity): 562.0540163641488", "timestamp": 4561}
The measured value (563.135156639848 umol/m^2/s) and the next prediction (562.0540163641488 umol/m^2/s) of LightIntensity (LightIntensity) are inside the range [400.0, 600.0]
Published to greenhouse_0/info/device_2: {"message": "The measured value (563.135156639848 umol/m^2/s) and the next prediction (562.0540163641488 umol/m^2/s) of LightIntensity (LightIntensity) are inside the range [400.0, 600.0]", "timestamp": 4561}

Received: {'bn': 'greenhouse_0/sensor_0', 'e': {'n': 'Temperature', 'v': 21.448792426525042, 'u': 'Cel', 't': 4581}}
Next expected timestamp of sensor_0 (Temperature): 4601.0
Published to greenhouse_0/info/device_2: {"message": "Next expected timestamp of sensor_0 (Temperature): 4601.0", "timestamp": 4581}
Next expected value of sensor_0 (Temperature): 21.174062780648455
Published to greenhouse_0/info/device_2: {"message": "Next expected value of sensor_0 (Temperature): 21.174062780648455", "timestamp": 4581}
The measured value (21.448792426525042 Cel) and the next prediction (21.174062780648455 Cel) of Temperature (Temperature) are inside the range [18.0, 26.0]
Published to greenhouse_0/info/device_2: {"message": "The measured value (21.448792426525042 Cel) and the next prediction (21.174062780648455 Cel) of Temperature (Temperature) are inside the range [18.0, 26.0]", "timestamp": 4581}

Received: {'bn': 'greenhouse_0/sensor_4', 'e': {'n': 'LightIntensity', 'v': 560.9536205254899, 'u': 'umol/m^2/s', 't': 4581}}
Next expected timestamp of sensor_4 (LightIntensity): 4601.0
Published to greenhouse_0/info/device_2: {"message": "Next expected timestamp of sensor_4 (LightIntensity): 4601.0", "timestamp": 4581}
Next expected value of sensor_4 (LightIntensity): 560.3273231186565
Published to greenhouse_0/info/device_2: {"message": "Next expected value of sensor_4 (LightIntensity): 560.3273231186565", "timestamp": 4581}
The measured value (560.9536205254899 umol/m^2/s) and the next prediction (560.3273231186565 umol/m^2/s) of LightIntensity (LightIntensity) are inside the range [400.0, 600.0]
Published to greenhouse_0/info/device_2: {"message": "The measured value (560.9536205254899 umol/m^2/s) and the next prediction (560.3273231186565 umol/m^2/s) of LightIntensity (LightIntensity) are inside the range [400.0, 600.0]", "timestamp": 4581}
