Device ID: 184
Received 5 sensors: [{'sensor_id': 32, 'area_id': 44, 'type': 'Temperature', 'name': 'Temperature Sensor', 'unit': '°C', 'threshold': {'max': 50, 'min': 0}, 'domain': {'max': 100, 'min': -50}, 'greenhouse_id': 41}, {'sensor_id': 31, 'area_id': 44, 'type': 'NPK', 'name': 'NPK Sensor', 'unit': 'mg/kg', 'threshold': {'K': {'max': 400, 'min': 100}, 'N': {'max': 300, 'min': 34}, 'P': {'max': 300, 'min': 75}}, 'domain': {'max': 1000, 'min': 0}, 'greenhouse_id': 41}, {'sensor_id': 33, 'area_id': 44, 'type': 'Humidity', 'name': 'Humidity Sensor', 'unit': '%', 'threshold': {'max': 75, 'min': 30}, 'domain': {'max': 100, 'min': 0}, 'greenhouse_id': 41}, {'sensor_id': 34, 'area_id': 43, 'type': 'Temperature', 'name': 'Temperature Sensor', 'unit': '°C', 'threshold': {'max': 50, 'min': -10}, 'domain': {'max': 100, 'min': -50}, 'greenhouse_id': 41}, {'sensor_id': 35, 'area_id': 45, 'type': 'pH', 'name': 'pH Sensor', 'unit': 'pH', 'threshold': {'max': 7.5, 'min': 6.0}, 'domain': {'max': 10.0, 'min': 3.0}, 'greenhouse_id': 41}]

Subscribed to greenhouse_41/area_44/sensor_32
Connected to mosquitto with result code 0
Subscribed to greenhouse_41/area_44/sensor_31
Subscribed to greenhouse_41/area_44/sensor_33
Subscribed to greenhouse_41/area_43/sensor_34
Subscribed to greenhouse_41/area_45/sensor_35
Started periodic sensor checking thread

Received: {'bn': 'greenhouse_41/area_44/sensor_32', 'e': {'n': 'Temperature', 'v': 22.51, 'u': '°C', 't': 60}}
Not enough data to calculate the linear regression
Sensor 32: Weighted mean Temperature: 22.51
Sensor 32: Expected next timestamp of Temperature: None
Sensor 32: Expected next value of Temperature: None

Received: {'bn': 'greenhouse_41/area_44/sensor_31', 'e': {'n': 'NPK', 'v': {'N': 159.07, 'P': 198.12, 'K': 198.72}, 'u': 'mg/kg', 't': 60}}
Not enough data to calculate the linear regression
Sensor 31: Weighted mean NPK: {'N': 159.07, 'P': 198.12, 'K': 198.72}
Sensor 31: Expected next timestamp of NPK: None
Received request for the next timestamp of sensor_32 (Temperature) at timestamp 60
Sensor 31: Expected next value of NPK: None
Received request for the next timestamp of sensor_31 (NPK) at timestamp 60
The requested next timestamp of sensor_32 (Temperature) at timestamp 60 is ready (None)
Received request for the next timestamp of sensor_33 (Humidity) at timestamp 60

Received: {'bn': 'greenhouse_41/area_44/sensor_33', 'e': {'n': 'Humidity', 'v': 80.16, 'u': '%', 't': 60}}
The requested next timestamp of sensor_31 (NPK) at timestamp 60 is ready (None)
The requested next timestamp of sensor_33 (Humidity) at timestamp 60 cannot be evaluated, wait to receive more values
Not enough data to calculate the linear regression
Received request for next value of sensor_32 (Temperature) at timestamp 60
Sensor 33: Weighted mean Humidity: 80.16
Received request for next value of sensor_31 (NPK) at timestamp 60
The requested next value of sensor_32 (Temperature) at timestamp 60 is ready (None)

Sensor 33: Expected next timestamp of Humidity: None
Sensor 33: Expected next value of Humidity: None
The requested next value of sensor_31 (NPK) at timestamp 60 is ready (None)

Received request for next value of sensor_33 (Humidity) at timestamp 60

Received: {'bn': 'greenhouse_41/area_43/sensor_34', 'e': {'n': 'Temperature', 'v': 22.93, 'u': '°C', 't': 60}}
The requested next value of sensor_33 (Humidity) at timestamp 60 is ready (None)

Not enough data to calculate the linear regression
Sensor 34: Weighted mean Temperature: 22.93
Sensor 34: Expected next timestamp of Temperature: None
Sensor 34: Expected next value of Temperature: None

Received: {'bn': 'greenhouse_41/area_45/sensor_35', 'e': {'n': 'pH', 'v': 6.36, 'u': 'pH', 't': 60}}
Not enough data to calculate the linear regression
Sensor 35: Weighted mean pH: 6.36
Sensor 35: Expected next timestamp of pH: None
Sensor 35: Expected next value of pH: None
Received request for the next timestamp of sensor_34 (Temperature) at timestamp 60
The requested next timestamp of sensor_34 (Temperature) at timestamp 60 is ready (None)
Received request for next value of sensor_34 (Temperature) at timestamp 60
The requested next value of sensor_34 (Temperature) at timestamp 60 is ready (None)

Received request for the next timestamp of sensor_35 (pH) at timestamp 60
The requested next timestamp of sensor_35 (pH) at timestamp 60 is ready (None)
Received request for next value of sensor_35 (pH) at timestamp 60
The requested next value of sensor_35 (pH) at timestamp 60 is ready (None)

Periodic sensor check started
Periodic sensor check completed

Received: {'bn': 'greenhouse_41/area_44/sensor_32', 'e': {'n': 'Temperature', 'v': 22.18, 'u': '°C', 't': 120}}
Sensor 32: Weighted mean Temperature: 22.290000000000003
Sensor 32: Expected next timestamp of Temperature: 180.0
Sensor 32: Expected next value of Temperature: 21.849999999999998

Received: {'bn': 'greenhouse_41/area_44/sensor_31', 'e': {'n': 'NPK', 'v': {'N': 158.86, 'P': 197.98, 'K': 198.55}, 'u': 'mg/kg', 't': 120}}
Sensor 31: Weighted mean NPK: {'N': 158.93, 'P': 198.02666666666664, 'K': 198.60666666666668}
Received request for the next timestamp of sensor_32 (Temperature) at timestamp 120
Received request for the next timestamp of sensor_31 (NPK) at timestamp 120
The requested next timestamp of sensor_32 (Temperature) at timestamp 120 is ready (180.0)
Sensor 31: Expected next timestamp of NPK: 180.0
The requested next timestamp of sensor_31 (NPK) at timestamp 120 is ready (180.0)
Sensor 31: Expected next value of NPK: {'N': 158.65000000000003, 'P': 197.84, 'K': 198.38000000000002}
Received request for the next timestamp of sensor_33 (Humidity) at timestamp 120

Received: {'bn': 'greenhouse_41/area_44/sensor_33', 'e': {'n': 'Humidity', 'v': 80.37, 'u': '%', 't': 120}}
The requested next timestamp of sensor_33 (Humidity) at timestamp 120 is not yet ready

Sensor 33: Weighted mean Humidity: 80.3
Received request for next value of sensor_32 (Temperature) at timestamp 120
The requested next timestamp of sensor_33 (Humidity) at timestamp 120 is arrived (180.0)
The requested next value of sensor_32 (Temperature) at timestamp 120 is ready (21.849999999999998)

Sensor 33: Expected next timestamp of Humidity: 180.0
Received request for next value of sensor_31 (NPK) at timestamp 120
Sensor 33: Expected next value of Humidity: 80.58000000000001
Received request for next value of sensor_33 (Humidity) at timestamp 120
The requested next value of sensor_31 (NPK) at timestamp 120 is ready ({'N': 158.65000000000003, 'P': 197.84, 'K': 198.38000000000002})

The requested next value of sensor_33 (Humidity) at timestamp 120 is ready (80.58000000000001)


Received: {'bn': 'greenhouse_41/area_43/sensor_34', 'e': {'n': 'Temperature', 'v': 22.44, 'u': '°C', 't': 120}}
Sensor 34: Weighted mean Temperature: 22.603333333333335
Sensor 34: Expected next timestamp of Temperature: 180.0
Sensor 34: Expected next value of Temperature: 21.950000000000003

Received: {'bn': 'greenhouse_41/area_45/sensor_35', 'e': {'n': 'pH', 'v': 6.36, 'u': 'pH', 't': 120}}
Sensor 35: Weighted mean pH: 6.36
Sensor 35: Expected next timestamp of pH: 180.0
Sensor 35: Expected next value of pH: 6.36
Received request for the next timestamp of sensor_34 (Temperature) at timestamp 120
The requested next timestamp of sensor_34 (Temperature) at timestamp 120 is ready (180.0)
Received request for next value of sensor_34 (Temperature) at timestamp 120
The requested next value of sensor_34 (Temperature) at timestamp 120 is ready (21.950000000000003)

Received request for the next timestamp of sensor_35 (pH) at timestamp 120
The requested next timestamp of sensor_35 (pH) at timestamp 120 is ready (180.0)
Received request for next value of sensor_35 (pH) at timestamp 120
The requested next value of sensor_35 (pH) at timestamp 120 is ready (6.36)

Periodic sensor check started
Periodic sensor check completed

Received: {'bn': 'greenhouse_41/area_44/sensor_32', 'e': {'n': 'Temperature', 'v': 22.93, 'u': '°C', 't': 180}}
Sensor 32: Weighted mean Temperature: 22.61
Sensor 32: Expected next timestamp of Temperature: 240.0
Sensor 32: Expected next value of Temperature: 22.96
Received request for the next timestamp of sensor_32 (Temperature) at timestamp 180

Received: {'bn': 'greenhouse_41/area_44/sensor_31', 'e': {'n': 'NPK', 'v': {'N': 158.73, 'P': 197.97, 'K': 198.45}, 'u': 'mg/kg', 't': 180}}
Received request for the next timestamp of sensor_31 (NPK) at timestamp 180
The requested next timestamp of sensor_32 (Temperature) at timestamp 180 is ready (240.0)
Received request for the next timestamp of sensor_33 (Humidity) at timestamp 180
Sensor 31: Weighted mean NPK: {'N': 158.83, 'P': 197.9983333333333, 'K': 198.52833333333334}
The requested next timestamp of sensor_33 (Humidity) at timestamp 180 is not yet ready

The requested next timestamp of sensor_31 (NPK) at timestamp 180 is ready (240.0)
Sensor 31: Expected next timestamp of NPK: 240.0
Received request for next value of sensor_32 (Temperature) at timestamp 180
Sensor 31: Expected next value of NPK: {'N': 158.54666666666665, 'P': 197.87333333333333, 'K': 198.30333333333334}
The requested next value of sensor_32 (Temperature) at timestamp 180 is ready (22.96)

Received request for next value of sensor_31 (NPK) at timestamp 180
The requested next value of sensor_31 (NPK) at timestamp 180 is ready ({'N': 158.54666666666665, 'P': 197.87333333333333, 'K': 198.30333333333334})


Received: {'bn': 'greenhouse_41/area_44/sensor_33', 'e': {'n': 'Humidity', 'v': 79.71, 'u': '%', 't': 180}}
Sensor 33: Weighted mean Humidity: 80.005
Sensor 33: Expected next timestamp of Humidity: 240.0
Sensor 33: Expected next value of Humidity: 79.63

Received: {'bn': 'greenhouse_41/area_43/sensor_34', 'e': {'n': 'Temperature', 'v': 22.73, 'u': '°C', 't': 180}}
Sensor 34: Weighted mean Temperature: 22.666666666666668
Sensor 34: Expected next timestamp of Temperature: 240.0
Sensor 34: Expected next value of Temperature: 22.500000000000004

Received: {'bn': 'greenhouse_41/area_45/sensor_35', 'e': {'n': 'pH', 'v': 6.42, 'u': 'pH', 't': 180}}
Sensor 35: Weighted mean pH: 6.390000000000001
Sensor 35: Expected next timestamp of pH: 240.0
Sensor 35: Expected next value of pH: 6.4399999999999995
Received request for the next timestamp of sensor_34 (Temperature) at timestamp 180
The requested next timestamp of sensor_34 (Temperature) at timestamp 180 is ready (240.0)
Received request for next value of sensor_34 (Temperature) at timestamp 180
The requested next value of sensor_34 (Temperature) at timestamp 180 is ready (22.500000000000004)

Received request for the next timestamp of sensor_35 (pH) at timestamp 180
The requested next timestamp of sensor_35 (pH) at timestamp 180 is ready (240.0)
Received request for next value of sensor_35 (pH) at timestamp 180
The requested next value of sensor_35 (pH) at timestamp 180 is ready (6.4399999999999995)

The requested next timestamp of sensor_33 (Humidity) at timestamp 180 is arrived (240.0)
Received request for next value of sensor_33 (Humidity) at timestamp 180
The requested next value of sensor_33 (Humidity) at timestamp 180 is ready (79.63)

Periodic sensor check started
Periodic sensor check completed

Received: {'bn': 'greenhouse_41/area_44/sensor_32', 'e': {'n': 'Temperature', 'v': 22.33, 'u': '°C', 't': 240}}
Sensor 32: Weighted mean Temperature: 22.497999999999998
Sensor 32: Expected next timestamp of Temperature: 300.0
Sensor 32: Expected next value of Temperature: 22.54

Received: {'bn': 'greenhouse_41/area_44/sensor_31', 'e': {'n': 'NPK', 'v': {'N': 158.68, 'P': 197.94, 'K': 198.32}, 'u': 'mg/kg', 't': 240}}
Received request for the next timestamp of sensor_32 (Temperature) at timestamp 240
Sensor 31: Weighted mean NPK: {'N': 158.77, 'P': 197.97499999999997, 'K': 198.445}
The requested next timestamp of sensor_32 (Temperature) at timestamp 240 is ready (300.0)
Sensor 31: Expected next timestamp of NPK: 300.0
Received request for the next timestamp of sensor_31 (NPK) at timestamp 240
Sensor 31: Expected next value of NPK: {'N': 158.51, 'P': 197.86499999999998, 'K': 198.185}

Received: {'bn': 'greenhouse_41/area_44/sensor_33', 'e': {'n': 'Humidity', 'v': 78.68, 'u': '%', 't': 240}}
The requested next timestamp of sensor_31 (NPK) at timestamp 240 is ready (300.0)
Received request for the next timestamp of sensor_33 (Humidity) at timestamp 240
Sensor 33: Weighted mean Humidity: 79.475
The requested next timestamp of sensor_33 (Humidity) at timestamp 240 is ready (300.0)
Received request for next value of sensor_32 (Temperature) at timestamp 240
Sensor 33: Expected next timestamp of Humidity: 300.0
The requested next value of sensor_32 (Temperature) at timestamp 240 is ready (22.54)

Sensor 33: Expected next value of Humidity: 78.455

Received: {'bn': 'greenhouse_41/area_43/sensor_34', 'e': {'n': 'Temperature', 'v': 22.39, 'u': '°C', 't': 240}}
Received request for next value of sensor_33 (Humidity) at timestamp 240
Received request for next value of sensor_31 (NPK) at timestamp 240
Sensor 34: Weighted mean Temperature: 22.556
The requested next value of sensor_33 (Humidity) at timestamp 240 is ready (78.455)

Sensor 34: Expected next timestamp of Temperature: 300.0
The requested next value of sensor_31 (NPK) at timestamp 240 is ready ({'N': 158.51, 'P': 197.86499999999998, 'K': 198.185})

Sensor 34: Expected next value of Temperature: 22.290000000000003

Received: {'bn': 'greenhouse_41/area_45/sensor_35', 'e': {'n': 'pH', 'v': 6.38, 'u': 'pH', 't': 240}}
Sensor 35: Weighted mean pH: 6.386
Sensor 35: Expected next timestamp of pH: 300.0
Sensor 35: Expected next value of pH: 6.41
Received request for the next timestamp of sensor_34 (Temperature) at timestamp 240
The requested next timestamp of sensor_34 (Temperature) at timestamp 240 is ready (300.0)
Received request for next value of sensor_34 (Temperature) at timestamp 240
The requested next value of sensor_34 (Temperature) at timestamp 240 is ready (22.290000000000003)

Received request for the next timestamp of sensor_35 (pH) at timestamp 240
The requested next timestamp of sensor_35 (pH) at timestamp 240 is ready (300.0)
Received request for next value of sensor_35 (pH) at timestamp 240
The requested next value of sensor_35 (pH) at timestamp 240 is ready (6.41)

Periodic sensor check started
Periodic sensor check completed

Received: {'bn': 'greenhouse_41/area_44/sensor_32', 'e': {'n': 'Temperature', 'v': 22.96, 'u': '°C', 't': 300}}
Sensor 32: Weighted mean Temperature: 22.651999999999997
Sensor 32: Expected next timestamp of Temperature: 360.0
Sensor 32: Expected next value of Temperature: 22.897000000000002

Received: {'bn': 'greenhouse_41/area_44/sensor_31', 'e': {'n': 'NPK', 'v': {'N': 158.57, 'P': 197.9, 'K': 198.2}, 'u': 'mg/kg', 't': 300}}
Received request for the next timestamp of sensor_31 (NPK) at timestamp 300
Received request for the next timestamp of sensor_32 (Temperature) at timestamp 300
Sensor 31: Weighted mean NPK: {'N': 158.70333333333335, 'P': 197.95, 'K': 198.36333333333332}
Sensor 31: Expected next timestamp of NPK: 360.0
The requested next timestamp of sensor_32 (Temperature) at timestamp 300 is ready (360.0)
The requested next timestamp of sensor_31 (NPK) at timestamp 300 is ready (360.0)
Received request for the next timestamp of sensor_33 (Humidity) at timestamp 300
Sensor 31: Expected next value of NPK: {'N': 158.428, 'P': 197.83800000000002, 'K': 198.06699999999998}
The requested next timestamp of sensor_33 (Humidity) at timestamp 300 is not yet ready


Received: {'bn': 'greenhouse_41/area_44/sensor_33', 'e': {'n': 'Humidity', 'v': 76.67, 'u': '%', 't': 300}}
Sensor 33: Weighted mean Humidity: 78.53999999999999
Received request for next value of sensor_31 (NPK) at timestamp 300
Sensor 33: Expected next timestamp of Humidity: 360.0
Received request for next value of sensor_32 (Temperature) at timestamp 300
The requested next value of sensor_31 (NPK) at timestamp 300 is ready ({'N': 158.428, 'P': 197.83800000000002, 'K': 198.06699999999998})

Sensor 33: Expected next value of Humidity: 76.51700000000001
The requested next value of sensor_32 (Temperature) at timestamp 300 is ready (22.897000000000002)


Received: {'bn': 'greenhouse_41/area_43/sensor_34', 'e': {'n': 'Temperature', 'v': 22.82, 'u': '°C', 't': 300}}
Sensor 34: Weighted mean Temperature: 22.644
Sensor 34: Expected next timestamp of Temperature: 360.0
Sensor 34: Expected next value of Temperature: 22.581

Received: {'bn': 'greenhouse_41/area_45/sensor_35', 'e': {'n': 'pH', 'v': 6.42, 'u': 'pH', 't': 300}}
Sensor 35: Weighted mean pH: 6.397333333333334
Sensor 35: Expected next timestamp of pH: 360.0
Sensor 35: Expected next value of pH: 6.43
Received request for the next timestamp of sensor_34 (Temperature) at timestamp 300
The requested next timestamp of sensor_34 (Temperature) at timestamp 300 is ready (360.0)
Received request for next value of sensor_34 (Temperature) at timestamp 300
The requested next value of sensor_34 (Temperature) at timestamp 300 is ready (22.581)

Received request for the next timestamp of sensor_35 (pH) at timestamp 300
The requested next timestamp of sensor_35 (pH) at timestamp 300 is ready (360.0)
Received request for next value of sensor_35 (pH) at timestamp 300
The requested next value of sensor_35 (pH) at timestamp 300 is ready (6.43)

The requested next timestamp of sensor_33 (Humidity) at timestamp 300 is arrived (360.0)
Received request for next value of sensor_33 (Humidity) at timestamp 300
The requested next value of sensor_33 (Humidity) at timestamp 300 is ready (76.51700000000001)

Periodic sensor check started
Periodic sensor check completed

Received: {'bn': 'greenhouse_41/area_44/sensor_32', 'e': {'n': 'Temperature', 'v': 22.45, 'u': '°C', 't': 360}}
Sensor 32: Weighted mean Temperature: 22.59428571428571
Sensor 32: Expected next timestamp of Temperature: 420.0
Sensor 32: Expected next value of Temperature: 22.703999999999997

Received: {'bn': 'greenhouse_41/area_44/sensor_31', 'e': {'n': 'NPK', 'v': {'N': 158.51, 'P': 197.89, 'K': 198.09}, 'u': 'mg/kg', 't': 360}}
Sensor 31: Weighted mean NPK: {'N': 158.64809523809524, 'P': 197.93285714285716, 'K': 198.28523809523807}
Received request for the next timestamp of sensor_32 (Temperature) at timestamp 360
Received request for the next timestamp of sensor_33 (Humidity) at timestamp 360
Sensor 31: Expected next timestamp of NPK: 420.0
Received request for the next timestamp of sensor_31 (NPK) at timestamp 360
The requested next timestamp of sensor_32 (Temperature) at timestamp 360 is ready (420.0)
The requested next timestamp of sensor_33 (Humidity) at timestamp 360 is not yet ready

The requested next timestamp of sensor_31 (NPK) at timestamp 360 is ready (420.0)
Sensor 31: Expected next value of NPK: {'N': 158.36466666666666, 'P': 197.82466666666664, 'K': 197.9553333333333}

Received: {'bn': 'greenhouse_41/area_44/sensor_33', 'e': {'n': 'Humidity', 'v': 75.38, 'u': '%', 't': 360}}
Received request for next value of sensor_32 (Temperature) at timestamp 360
Sensor 33: Weighted mean Humidity: 77.63714285714285
Sensor 33: Expected next timestamp of Humidity: 420.0
The requested next value of sensor_32 (Temperature) at timestamp 360 is ready (22.703999999999997)

Sensor 33: Expected next value of Humidity: 74.892
Received request for next value of sensor_31 (NPK) at timestamp 360

Received: {'bn': 'greenhouse_41/area_43/sensor_34', 'e': {'n': 'Temperature', 'v': 22.24, 'u': '°C', 't': 360}}
The requested next value of sensor_31 (NPK) at timestamp 360 is ready ({'N': 158.36466666666666, 'P': 197.82466666666664, 'K': 197.9553333333333})

Sensor 34: Weighted mean Temperature: 22.52857142857143
Sensor 34: Expected next timestamp of Temperature: 420.0
Sensor 34: Expected next value of Temperature: 22.326666666666668

Received: {'bn': 'greenhouse_41/area_45/sensor_35', 'e': {'n': 'pH', 'v': 6.47, 'u': 'pH', 't': 360}}
Sensor 35: Weighted mean pH: 6.418095238095238
Sensor 35: Expected next timestamp of pH: 420.0
Sensor 35: Expected next value of pH: 6.4706666666666655
Received request for the next timestamp of sensor_34 (Temperature) at timestamp 360
The requested next timestamp of sensor_34 (Temperature) at timestamp 360 is ready (420.0)
Received request for next value of sensor_34 (Temperature) at timestamp 360
The requested next value of sensor_34 (Temperature) at timestamp 360 is ready (22.326666666666668)

Received request for the next timestamp of sensor_35 (pH) at timestamp 360
The requested next timestamp of sensor_35 (pH) at timestamp 360 is ready (420.0)
Received request for next value of sensor_35 (pH) at timestamp 360
The requested next value of sensor_35 (pH) at timestamp 360 is ready (6.4706666666666655)

The requested next timestamp of sensor_33 (Humidity) at timestamp 360 is arrived (420.0)
Received request for next value of sensor_33 (Humidity) at timestamp 360
The requested next value of sensor_33 (Humidity) at timestamp 360 is ready (74.892)

Periodic sensor check started
Periodic sensor check completed
