Connected to mqtt.eclipseprojects.io with result code 0
Subscribed to greenhouse_0/action/#
Subscribed to greenhouse_0/info/#
Subscribed to greenhouse_0/alert/#
Received message: {'message': 'Next expected timestamp of sensor_5 (Humidity): 4581.111111111111', 'timestamp': 4561} on topic: greenhouse_0/info/device_1
Received message: {'message': 'Next expected value of sensor_5 (Humidity): 49.029739506649534', 'timestamp': 4561} on topic: greenhouse_0/info/device_1
Received message: {'message': 'WARNING: The measured value 46.966414229452326 % of sensor_5 (Humidity) went outside the range [60.0, 75.0]', 'timestamp': 4561} on topic: greenhouse_0/alert/device_1
Received message: {'message': 'Mean value of sensor_5 (Humidity): 48.67155020897511 %', 'timestamp': 4561} on topic: greenhouse_0/info/device_1
Received message: {'message': 'WARNING: The measured value 46.966414229452326 % and the mean value 48.67155020897511 % are outside the range. Action needed for sensor_5 (Humidity)', 'timestamp': 4561} on topic: greenhouse_0/action/device_1/sensor_5
Received message: {'message': 'Next expected timestamp of sensor_2 (SoilMoisture): 4581.111111111111', 'timestamp': 4561} on topic: greenhouse_0/info/device_1
Received message: {'message': 'Next expected value of sensor_2 (SoilMoisture): 48.58971389435507', 'timestamp': 4561} on topic: greenhouse_0/info/device_1
Received message: {'message': 'WARNING: The measured value 47.102795047264166 % of sensor_2 (SoilMoisture) went outside the range [60.0, 80.0]', 'timestamp': 4561} on topic: greenhouse_0/alert/device_1
Received message: {'message': 'Mean value of sensor_2 (SoilMoisture): 48.85017632110139 %', 'timestamp': 4561} on topic: greenhouse_0/info/device_1
Received message: {'message': 'WARNING: The measured value 47.102795047264166 % and the mean value 48.85017632110139 % are outside the range. Action needed for sensor_2 (SoilMoisture)', 'timestamp': 4561} on topic: greenhouse_0/action/device_1/sensor_2
Received message: {'message': 'Next expected timestamp of sensor_1 (NPK): 4581.111111111111', 'timestamp': 4561} on topic: greenhouse_0/info/device_3
Received message: {'message': "Next expected value of sensor_1 (NPK): {'N': 144.1740923570472, 'P': 192.93569200218604, 'K': 193.0156149316377}", 'timestamp': 4561} on topic: greenhouse_0/info/device_3
Received message: {'message': 'The measured value (143.9893197567402 mg/kg) and the next prediction (144.1740923570472 mg/kg) of NPK (NPK - N) are inside the range [50.0, 150.0]', 'timestamp': 4561} on topic: greenhouse_0/info/device_3
Received message: {'message': 'The measured value (192.1344474861119 mg/kg) and the next prediction (192.93569200218604 mg/kg) of NPK (NPK - P) are inside the range [75.0, 300.0]', 'timestamp': 4561} on topic: greenhouse_0/info/device_3
Received message: {'message': 'The measured value (192.26809505627836 mg/kg) and the next prediction (193.0156149316377 mg/kg) of NPK (NPK - K) are inside the range [100.0, 400.0]', 'timestamp': 4561} on topic: greenhouse_0/info/device_3
Received message: {'message': 'Next expected timestamp of sensor_0 (Temperature): 4581.111111111111', 'timestamp': 4561} on topic: greenhouse_0/info/device_2
Received message: {'message': 'Next expected value of sensor_0 (Temperature): 21.04638350830334', 'timestamp': 4561} on topic: greenhouse_0/info/device_2
Received message: {'message': 'The measured value (20.59624128437329 Cel) and the next prediction (21.04638350830334 Cel) of Temperature (Temperature) are inside the range [18.0, 26.0]', 'timestamp': 4561} on topic: greenhouse_0/info/device_2
Received message: {'message': 'Next expected timestamp of sensor_2 (SoilMoisture): 4581.111111111111', 'timestamp': 4561} on topic: greenhouse_0/info/device_3
Received message: {'message': 'Next expected timestamp of sensor_4 (LightIntensity): 4581.111111111111', 'timestamp': 4561} on topic: greenhouse_0/info/device_2
Received message: {'message': 'Next expected value of sensor_2 (SoilMoisture): 48.58971389435507', 'timestamp': 4561} on topic: greenhouse_0/info/device_3
Received message: {'message': 'WARNING: The measured value 47.102795047264166 % of sensor_2 (SoilMoisture) went outside the range [60.0, 80.0]', 'timestamp': 4561} on topic: greenhouse_0/alert/device_3
Received message: {'message': 'Mean value of sensor_2 (SoilMoisture): 48.85017632110139 %', 'timestamp': 4561} on topic: greenhouse_0/info/device_3
Received message: {'message': 'WARNING: The measured value 47.102795047264166 % and the mean value 48.85017632110139 % are outside the range. Action needed for sensor_2 (SoilMoisture)', 'timestamp': 4561} on topic: greenhouse_0/action/device_3/sensor_2
Received message: {'message': 'Next expected timestamp of sensor_3 (pH): 4581.111111111111', 'timestamp': 4561} on topic: greenhouse_0/info/device_3
Received message: {'message': 'Next expected value of sensor_3 (pH): 6.856397391296588', 'timestamp': 4561} on topic: greenhouse_0/info/device_3
Received message: {'message': 'WARNING: The measured value 6.802247774448692 None of sensor_3 (pH) went outside the range [6.0, 6.8]', 'timestamp': 4561} on topic: greenhouse_0/alert/device_3
Received message: {'message': 'Mean value of sensor_3 (pH): 6.866323402350614 None', 'timestamp': 4561} on topic: greenhouse_0/info/device_3
Received message: {'message': 'Next expected value of sensor_4 (LightIntensity): 562.0540163641488', 'timestamp': 4561} on topic: greenhouse_0/info/device_2
Received message: {'message': 'WARNING: The measured value 6.802247774448692 None and the mean value 6.866323402350614 None are outside the range. Action needed for sensor_3 (pH)', 'timestamp': 4561} on topic: greenhouse_0/action/device_3/sensor_3
Received message: {'message': 'The measured value (563.135156639848 umol/m^2/s) and the next prediction (562.0540163641488 umol/m^2/s) of LightIntensity (LightIntensity) are inside the range [400.0, 600.0]', 'timestamp': 4561} on topic: greenhouse_0/info/device_2
Received message: {'message': 'Next expected timestamp of sensor_1 (NPK): 4601.0', 'timestamp': 4581} on topic: greenhouse_0/info/device_3
Received message: {'message': "Next expected value of sensor_1 (NPK): {'N': 142.8679164559856, 'P': 193.43906109142884, 'K': 193.20376548939532}", 'timestamp': 4581} on topic: greenhouse_0/info/device_3
Received message: {'message': 'The measured value (141.7496922253125 mg/kg) and the next prediction (142.8679164559856 mg/kg) of NPK (NPK - N) are inside the range [50.0, 150.0]', 'timestamp': 4581} on topic: greenhouse_0/info/device_3
Received message: {'message': 'The measured value (194.55801126653424 mg/kg) and the next prediction (193.43906109142884 mg/kg) of NPK (NPK - P) are inside the range [75.0, 300.0]', 'timestamp': 4581} on topic: greenhouse_0/info/device_3
Received message: {'message': 'The measured value (194.38409111130468 mg/kg) and the next prediction (193.20376548939532 mg/kg) of NPK (NPK - K) are inside the range [100.0, 400.0]', 'timestamp': 4581} on topic: greenhouse_0/info/device_3
Received message: {'message': 'Next expected timestamp of sensor_0 (Temperature): 4601.0', 'timestamp': 4581} on topic: greenhouse_0/info/device_2
Received message: {'message': 'Next expected timestamp of sensor_2 (SoilMoisture): 4601.0', 'timestamp': 4581} on topic: greenhouse_0/info/device_3
Received message: {'message': 'Next expected value of sensor_0 (Temperature): 21.174062780648455', 'timestamp': 4581} on topic: greenhouse_0/info/device_2
Received message: {'message': 'Next expected timestamp of sensor_5 (Humidity): 4601.0', 'timestamp': 4581} on topic: greenhouse_0/info/device_1
Received message: {'message': 'Next expected value of sensor_2 (SoilMoisture): 48.06843781014834', 'timestamp': 4581} on topic: greenhouse_0/info/device_3
Received message: {'message': 'WARNING: The measured value 47.02053784388616 % of sensor_2 (SoilMoisture) went outside the range [60.0, 80.0]', 'timestamp': 4581} on topic: greenhouse_0/alert/device_3
Received message: {'message': 'Mean value of sensor_2 (SoilMoisture): 48.500271081588835 %', 'timestamp': 4581} on topic: greenhouse_0/info/device_3
Received message: {'message': 'WARNING: The measured value 47.02053784388616 % and the mean value 48.500271081588835 % are outside the range. Action needed for sensor_2 (SoilMoisture)', 'timestamp': 4581} on topic: greenhouse_0/action/device_3/sensor_2
Received message: {'message': 'Next expected timestamp of sensor_3 (pH): 4601.0', 'timestamp': 4581} on topic: greenhouse_0/info/device_3
Received message: {'message': 'Next expected value of sensor_3 (pH): 6.911448452575661', 'timestamp': 4581} on topic: greenhouse_0/info/device_3
Received message: {'message': 'WARNING: The measured value 6.955191758114306 None of sensor_3 (pH) went outside the range [6.0, 6.8]', 'timestamp': 4581} on topic: greenhouse_0/alert/device_3
Received message: {'message': 'Mean value of sensor_3 (pH): 6.881805587038005 None', 'timestamp': 4581} on topic: greenhouse_0/info/device_3
Received message: {'message': 'The measured value (21.448792426525042 Cel) and the next prediction (21.174062780648455 Cel) of Temperature (Temperature) are inside the range [18.0, 26.0]', 'timestamp': 4581} on topic: greenhouse_0/info/device_2
Received message: {'message': 'Next expected timestamp of sensor_4 (LightIntensity): 4601.0', 'timestamp': 4581} on topic: greenhouse_0/info/device_2
Received message: {'message': 'Next expected value of sensor_4 (LightIntensity): 560.3273231186565', 'timestamp': 4581} on topic: greenhouse_0/info/device_2
Received message: {'message': 'Next expected value of sensor_5 (Humidity): 47.11338091245351', 'timestamp': 4581} on topic: greenhouse_0/info/device_1
Received message: {'message': 'The measured value (560.9536205254899 umol/m^2/s) and the next prediction (560.3273231186565 umol/m^2/s) of LightIntensity (LightIntensity) are inside the range [400.0, 600.0]', 'timestamp': 4581} on topic: greenhouse_0/info/device_2
Received message: {'message': 'WARNING: The measured value 44.94774663033794 % of sensor_5 (Humidity) went outside the range [60.0, 75.0]', 'timestamp': 4581} on topic: greenhouse_0/alert/device_1
Received message: {'message': 'Mean value of sensor_5 (Humidity): 48.018775945602115 %', 'timestamp': 4581} on topic: greenhouse_0/info/device_1
Received message: {'message': 'WARNING: The measured value 44.94774663033794 % and the mean value 48.018775945602115 % are outside the range. Action needed for sensor_5 (Humidity)', 'timestamp': 4581} on topic: greenhouse_0/action/device_1/sensor_5
Received message: {'message': 'Next expected timestamp of sensor_2 (SoilMoisture): 4601.0', 'timestamp': 4581} on topic: greenhouse_0/info/device_1
Received message: {'message': 'Next expected value of sensor_2 (SoilMoisture): 48.06843781014834', 'timestamp': 4581} on topic: greenhouse_0/info/device_1
Received message: {'message': 'WARNING: The measured value 47.02053784388616 % of sensor_2 (SoilMoisture) went outside the range [60.0, 80.0]', 'timestamp': 4581} on topic: greenhouse_0/alert/device_1
Received message: {'message': 'Mean value of sensor_2 (SoilMoisture): 48.500271081588835 %', 'timestamp': 4581} on topic: greenhouse_0/info/device_1
Received message: {'message': 'WARNING: The measured value 6.955191758114306 None and the mean value 6.881805587038005 None are outside the range. Action needed for sensor_3 (pH)', 'timestamp': 4581} on topic: greenhouse_0/action/device_3/sensor_3
Received message: {'message': 'WARNING: The measured value 47.02053784388616 % and the mean value 48.500271081588835 % are outside the range. Action needed for sensor_2 (SoilMoisture)', 'timestamp': 4581} on topic: greenhouse_0/action/device_1/sensor_2
